TN:
SF:resources/js/app.jsx
FN:8,(anonymous_0)
FN:12,(anonymous_1)
FNF:2
FNH:0
FNDA:0,(anonymous_0)
FNDA:0,(anonymous_1)
DA:7,0
DA:9,0
DA:10,0
DA:13,0
LF:4
LH:0
BRF:0
BRH:0
end_of_record
TN:
SF:resources/js/Pages/Landing.jsx
FN:8,Landing
FN:68,(anonymous_1)
FNF:2
FNH:0
FNDA:0,Landing
FNDA:0,(anonymous_1)
DA:9,0
DA:69,0
LF:2
LH:0
BRDA:79,0,0,0
BRDA:79,0,1,0
BRDA:84,1,0,0
BRDA:84,1,1,0
BRDA:90,2,0,0
BRDA:90,2,1,0
BRF:6
BRH:0
end_of_record
TN:
SF:resources/js/Pages/Admin/DashboardAdmin.jsx
FN:11,(anonymous_0)
FNF:1
FNH:0
FNDA:0,(anonymous_0)
DA:11,0
DA:12,0
DA:13,0
DA:15,0
LF:4
LH:0
BRDA:13,0,0,0
BRDA:13,1,0,0
BRDA:13,2,0,0
BRF:3
BRH:0
end_of_record
TN:
SF:resources/js/Pages/Admin/GenerateKey.jsx
FN:12,GenerateKey
FN:32,(anonymous_1)
FN:41,(anonymous_2)
FN:44,(anonymous_3)
FN:47,(anonymous_4)
FN:59,(anonymous_5)
FN:62,(anonymous_6)
FN:70,(anonymous_7)
FN:76,(anonymous_8)
FN:87,(anonymous_9)
FN:100,(anonymous_10)
FN:104,(anonymous_11)
FN:113,(anonymous_12)
FN:120,(anonymous_13)
FN:125,(anonymous_14)
FN:130,(anonymous_15)
FN:138,(anonymous_16)
FN:144,(anonymous_17)
FN:154,(anonymous_18)
FN:178,(anonymous_19)
FN:198,(anonymous_20)
FN:207,(anonymous_21)
FN:213,(anonymous_22)
FN:219,(anonymous_23)
FN:231,(anonymous_24)
FNF:25
FNH:0
FNDA:0,GenerateKey
FNDA:0,(anonymous_1)
FNDA:0,(anonymous_2)
FNDA:0,(anonymous_3)
FNDA:0,(anonymous_4)
FNDA:0,(anonymous_5)
FNDA:0,(anonymous_6)
FNDA:0,(anonymous_7)
FNDA:0,(anonymous_8)
FNDA:0,(anonymous_9)
FNDA:0,(anonymous_10)
FNDA:0,(anonymous_11)
FNDA:0,(anonymous_12)
FNDA:0,(anonymous_13)
FNDA:0,(anonymous_14)
FNDA:0,(anonymous_15)
FNDA:0,(anonymous_16)
FNDA:0,(anonymous_17)
FNDA:0,(anonymous_18)
FNDA:0,(anonymous_19)
FNDA:0,(anonymous_20)
FNDA:0,(anonymous_21)
FNDA:0,(anonymous_22)
FNDA:0,(anonymous_23)
FNDA:0,(anonymous_24)
DA:13,0
DA:14,0
DA:15,0
DA:16,0
DA:17,0
DA:18,0
DA:19,0
DA:21,0
DA:26,0
DA:27,0
DA:28,0
DA:29,0
DA:30,0
DA:32,0
DA:33,0
DA:34,0
DA:35,0
DA:36,0
DA:38,0
DA:41,0
DA:42,0
DA:43,0
DA:44,0
DA:47,0
DA:48,0
DA:49,0
DA:52,0
DA:53,0
DA:54,0
DA:56,0
DA:63,0
DA:64,0
DA:65,0
DA:70,0
DA:71,0
DA:72,0
DA:73,0
DA:76,0
DA:77,0
DA:78,0
DA:83,0
DA:84,0
DA:87,0
DA:88,0
DA:89,0
DA:91,0
DA:93,0
DA:94,0
DA:95,0
DA:97,0
DA:101,0
DA:102,0
DA:105,0
DA:106,0
DA:107,0
DA:108,0
DA:113,0
DA:114,0
DA:115,0
DA:116,0
DA:117,0
DA:120,0
DA:121,0
DA:122,0
DA:125,0
DA:126,0
DA:127,0
DA:131,0
DA:132,0
DA:138,0
DA:139,0
DA:140,0
DA:144,0
DA:145,0
DA:146,0
DA:148,0
DA:149,0
DA:154,0
DA:155,0
DA:156,0
DA:178,0
DA:179,0
DA:180,0
DA:181,0
DA:183,0
DA:184,0
DA:187,0
DA:189,0
DA:198,0
DA:199,0
DA:202,0
DA:203,0
DA:207,0
DA:208,0
DA:213,0
DA:214,0
DA:215,0
DA:219,0
DA:220,0
DA:221,0
DA:222,0
DA:225,0
DA:231,0
LF:103
LH:0
BRDA:12,0,0,0
BRDA:12,1,0,0
BRDA:28,2,0,0
BRDA:28,2,1,0
BRDA:29,3,0,0
BRDA:29,3,1,0
BRDA:91,4,0,0
BRDA:91,4,1,0
BRDA:126,5,0,0
BRDA:126,5,1,0
BRDA:145,6,0,0
BRDA:145,6,1,0
BRDA:148,7,0,0
BRDA:148,7,1,0
BRDA:155,8,0,0
BRDA:155,8,1,0
BRDA:178,9,0,0
BRDA:180,10,0,0
BRDA:180,10,1,0
BRDA:180,11,0,0
BRDA:180,11,1,0
BRDA:183,12,0,0
BRDA:183,12,1,0
BRDA:183,13,0,0
BRDA:183,13,1,0
BRDA:202,14,0,0
BRDA:202,14,1,0
BRF:27
BRH:0
end_of_record
TN:
SF:resources/js/Pages/Admin/Kendaraan.jsx
FN:9,Kendaraan
FN:29,(anonymous_1)
FN:73,(anonymous_2)
FN:78,(anonymous_3)
FN:85,(anonymous_4)
FN:102,(anonymous_5)
FN:107,(anonymous_6)
FN:155,(anonymous_7)
FN:177,(anonymous_8)
FN:183,(anonymous_9)
FN:231,(anonymous_10)
FN:248,(anonymous_11)
FN:255,(anonymous_12)
FN:264,(anonymous_13)
FN:271,(anonymous_14)
FN:286,(anonymous_15)
FN:293,(anonymous_16)
FN:299,(anonymous_17)
FN:315,(anonymous_18)
FN:320,(anonymous_19)
FN:325,(anonymous_20)
FN:333,(anonymous_21)
FN:347,(anonymous_22)
FN:369,(anonymous_23)
FN:375,(anonymous_24)
FN:379,(anonymous_25)
FN:387,(anonymous_26)
FN:397,(anonymous_27)
FN:400,(anonymous_28)
FN:436,(anonymous_29)
FN:454,(anonymous_30)
FN:458,(anonymous_31)
FN:527,(anonymous_32)
FN:533,(anonymous_33)
FN:536,(anonymous_34)
FN:545,(anonymous_35)
FN:551,(anonymous_36)
FN:554,(anonymous_37)
FN:603,(anonymous_38)
FN:619,(anonymous_39)
FN:624,(anonymous_40)
FN:637,(anonymous_41)
FN:652,(anonymous_42)
FN:665,(anonymous_43)
FN:670,(anonymous_44)
FN:684,(anonymous_45)
FN:701,(anonymous_46)
FN:706,(anonymous_47)
FN:730,(anonymous_48)
FN:755,(anonymous_49)
FN:760,(anonymous_50)
FN:764,(anonymous_51)
FN:781,(anonymous_52)
FN:786,(anonymous_53)
FN:790,(anonymous_54)
FN:806,(anonymous_55)
FN:811,(anonymous_56)
FN:815,(anonymous_57)
FN:821,(anonymous_58)
FN:908,(anonymous_59)
FN:933,(anonymous_60)
FN:938,(anonymous_61)
FN:942,(anonymous_62)
FN:959,(anonymous_63)
FN:964,(anonymous_64)
FN:968,(anonymous_65)
FN:984,(anonymous_66)
FN:989,(anonymous_67)
FN:993,(anonymous_68)
FN:999,(anonymous_69)
FNF:70
FNH:0
FNDA:0,Kendaraan
FNDA:0,(anonymous_1)
FNDA:0,(anonymous_2)
FNDA:0,(anonymous_3)
FNDA:0,(anonymous_4)
FNDA:0,(anonymous_5)
FNDA:0,(anonymous_6)
FNDA:0,(anonymous_7)
FNDA:0,(anonymous_8)
FNDA:0,(anonymous_9)
FNDA:0,(anonymous_10)
FNDA:0,(anonymous_11)
FNDA:0,(anonymous_12)
FNDA:0,(anonymous_13)
FNDA:0,(anonymous_14)
FNDA:0,(anonymous_15)
FNDA:0,(anonymous_16)
FNDA:0,(anonymous_17)
FNDA:0,(anonymous_18)
FNDA:0,(anonymous_19)
FNDA:0,(anonymous_20)
FNDA:0,(anonymous_21)
FNDA:0,(anonymous_22)
FNDA:0,(anonymous_23)
FNDA:0,(anonymous_24)
FNDA:0,(anonymous_25)
FNDA:0,(anonymous_26)
FNDA:0,(anonymous_27)
FNDA:0,(anonymous_28)
FNDA:0,(anonymous_29)
FNDA:0,(anonymous_30)
FNDA:0,(anonymous_31)
FNDA:0,(anonymous_32)
FNDA:0,(anonymous_33)
FNDA:0,(anonymous_34)
FNDA:0,(anonymous_35)
FNDA:0,(anonymous_36)
FNDA:0,(anonymous_37)
FNDA:0,(anonymous_38)
FNDA:0,(anonymous_39)
FNDA:0,(anonymous_40)
FNDA:0,(anonymous_41)
FNDA:0,(anonymous_42)
FNDA:0,(anonymous_43)
FNDA:0,(anonymous_44)
FNDA:0,(anonymous_45)
FNDA:0,(anonymous_46)
FNDA:0,(anonymous_47)
FNDA:0,(anonymous_48)
FNDA:0,(anonymous_49)
FNDA:0,(anonymous_50)
FNDA:0,(anonymous_51)
FNDA:0,(anonymous_52)
FNDA:0,(anonymous_53)
FNDA:0,(anonymous_54)
FNDA:0,(anonymous_55)
FNDA:0,(anonymous_56)
FNDA:0,(anonymous_57)
FNDA:0,(anonymous_58)
FNDA:0,(anonymous_59)
FNDA:0,(anonymous_60)
FNDA:0,(anonymous_61)
FNDA:0,(anonymous_62)
FNDA:0,(anonymous_63)
FNDA:0,(anonymous_64)
FNDA:0,(anonymous_65)
FNDA:0,(anonymous_66)
FNDA:0,(anonymous_67)
FNDA:0,(anonymous_68)
FNDA:0,(anonymous_69)
DA:10,0
DA:11,0
DA:12,0
DA:13,0
DA:14,0
DA:15,0
DA:16,0
DA:17,0
DA:23,0
DA:24,0
DA:25,0
DA:26,0
DA:29,0
DA:30,0
DA:31,0
DA:51,0
DA:52,0
DA:73,0
DA:74,0
DA:75,0
DA:76,0
DA:77,0
DA:78,0
DA:79,0
DA:81,0
DA:85,0
DA:86,0
DA:87,0
DA:89,0
DA:90,0
DA:91,0
DA:92,0
DA:93,0
DA:95,0
DA:96,0
DA:99,0
DA:103,0
DA:104,0
DA:105,0
DA:108,0
DA:110,0
DA:111,0
DA:131,0
DA:132,0
DA:155,0
DA:156,0
DA:157,0
DA:159,0
DA:161,0
DA:162,0
DA:163,0
DA:164,0
DA:165,0
DA:166,0
DA:168,0
DA:170,0
DA:171,0
DA:174,0
DA:178,0
DA:179,0
DA:180,0
DA:181,0
DA:184,0
DA:186,0
DA:187,0
DA:207,0
DA:208,0
DA:231,0
DA:232,0
DA:233,0
DA:239,0
DA:240,0
DA:242,0
DA:244,0
DA:245,0
DA:248,0
DA:249,0
DA:250,0
DA:251,0
DA:252,0
DA:255,0
DA:256,0
DA:257,0
DA:258,0
DA:259,0
DA:260,0
DA:264,0
DA:265,0
DA:266,0
DA:271,0
DA:272,0
DA:273,0
DA:274,0
DA:276,0
DA:278,0
DA:286,0
DA:287,0
DA:289,0
DA:290,0
DA:293,0
DA:294,0
DA:299,0
DA:300,0
DA:302,0
DA:303,0
DA:304,0
DA:307,0
DA:315,0
DA:316,0
DA:317,0
DA:320,0
DA:321,0
DA:322,0
DA:326,0
DA:327,0
DA:333,0
DA:334,0
DA:335,0
DA:338,0
DA:347,0
DA:369,0
DA:376,0
DA:377,0
DA:380,0
DA:381,0
DA:388,0
DA:389,0
DA:398,0
DA:401,0
DA:437,0
DA:455,0
DA:456,0
DA:459,0
DA:460,0
DA:527,0
DA:534,0
DA:537,0
DA:545,0
DA:552,0
DA:555,0
DA:604,0
DA:605,0
DA:606,0
DA:607,0
DA:620,0
DA:621,0
DA:625,0
DA:626,0
DA:638,0
DA:639,0
DA:648,0
DA:649,0
DA:653,0
DA:654,0
DA:655,0
DA:666,0
DA:667,0
DA:671,0
DA:672,0
DA:685,0
DA:686,0
DA:687,0
DA:688,0
DA:689,0
DA:702,0
DA:703,0
DA:707,0
DA:708,0
DA:730,0
DA:755,0
DA:761,0
DA:762,0
DA:765,0
DA:766,0
DA:781,0
DA:787,0
DA:788,0
DA:791,0
DA:792,0
DA:806,0
DA:812,0
DA:813,0
DA:816,0
DA:817,0
DA:822,0
DA:908,0
DA:933,0
DA:939,0
DA:940,0
DA:943,0
DA:944,0
DA:959,0
DA:965,0
DA:966,0
DA:969,0
DA:970,0
DA:984,0
DA:990,0
DA:991,0
DA:994,0
DA:995,0
DA:1000,0
LF:202
LH:0
BRDA:9,0,0,0
BRDA:9,1,0,0
BRDA:9,2,0,0
BRDA:25,3,0,0
BRDA:25,3,1,0
BRDA:30,4,0,0
BRDA:30,4,1,0
BRDA:51,5,0,0
BRDA:51,5,1,0
BRDA:75,6,0,0
BRDA:75,6,1,0
BRDA:92,7,0,0
BRDA:92,7,1,0
BRDA:95,8,0,0
BRDA:95,8,1,0
BRDA:110,9,0,0
BRDA:110,9,1,0
BRDA:131,10,0,0
BRDA:131,10,1,0
BRDA:159,11,0,0
BRDA:159,11,1,0
BRDA:165,12,0,0
BRDA:165,12,1,0
BRDA:170,13,0,0
BRDA:170,13,1,0
BRDA:186,14,0,0
BRDA:186,14,1,0
BRDA:207,15,0,0
BRDA:207,15,1,0
BRDA:234,16,0,0
BRDA:234,16,1,0
BRDA:235,17,0,0
BRDA:235,17,1,0
BRDA:236,18,0,0
BRDA:236,18,1,0
BRDA:239,19,0,0
BRDA:239,19,1,0
BRDA:265,20,0,0
BRDA:265,20,1,0
BRDA:271,21,0,0
BRDA:273,22,0,0
BRDA:273,22,1,0
BRDA:273,23,0,0
BRDA:273,23,1,0
BRDA:289,24,0,0
BRDA:289,24,1,0
BRDA:300,25,0,0
BRDA:300,25,1,0
BRDA:302,26,0,0
BRDA:302,26,1,0
BRDA:321,27,0,0
BRDA:321,27,1,0
BRDA:385,28,0,0
BRDA:385,28,1,0
BRDA:411,29,0,0
BRDA:411,29,1,0
BRDA:411,30,0,0
BRDA:411,30,1,0
BRDA:465,31,0,0
BRDA:465,31,1,0
BRDA:494,32,0,0
BRDA:494,32,1,0
BRDA:496,33,0,0
BRDA:496,33,1,0
BRDA:498,34,0,0
BRDA:498,34,1,0
BRDA:502,35,0,0
BRDA:502,35,1,0
BRDA:504,36,0,0
BRDA:504,36,1,0
BRDA:506,37,0,0
BRDA:506,37,1,0
BRDA:510,38,0,0
BRDA:510,38,1,0
BRDA:512,39,0,0
BRDA:512,39,1,0
BRDA:514,40,0,0
BRDA:514,40,1,0
BRDA:520,41,0,0
BRDA:520,41,1,0
BRDA:565,42,0,0
BRDA:565,42,1,0
BRDA:573,43,0,0
BRDA:573,43,1,0
BRDA:582,44,0,0
BRDA:582,44,1,0
BRDA:594,45,0,0
BRDA:594,45,1,0
BRDA:606,46,0,0
BRDA:606,46,1,0
BRDA:606,47,0,0
BRDA:606,47,1,0
BRDA:610,48,0,0
BRDA:610,48,1,0
BRDA:613,49,0,0
BRDA:613,49,1,0
BRDA:613,50,0,0
BRDA:613,50,1,0
BRDA:616,51,0,0
BRDA:616,51,1,0
BRDA:616,52,0,0
BRDA:616,52,1,0
BRDA:617,53,0,0
BRDA:617,53,1,0
BRDA:617,54,0,0
BRDA:617,54,1,0
BRDA:620,55,0,0
BRDA:620,55,1,0
BRDA:620,56,0,0
BRDA:620,56,1,0
BRDA:625,57,0,0
BRDA:625,57,1,0
BRDA:625,58,0,0
BRDA:625,58,1,0
BRDA:637,59,0,0
BRDA:637,59,1,0
BRDA:638,60,0,0
BRDA:638,60,1,0
BRDA:659,61,0,0
BRDA:659,61,1,0
BRDA:660,62,0,0
BRDA:660,62,1,0
BRDA:661,63,0,0
BRDA:661,63,1,0
BRDA:662,64,0,0
BRDA:662,64,1,0
BRDA:663,65,0,0
BRDA:663,65,1,0
BRDA:666,66,0,0
BRDA:666,66,1,0
BRDA:671,67,0,0
BRDA:671,67,1,0
BRDA:687,68,0,0
BRDA:687,68,1,0
BRDA:688,69,0,0
BRDA:688,69,1,0
BRDA:692,70,0,0
BRDA:692,70,1,0
BRDA:695,71,0,0
BRDA:695,71,1,0
BRDA:695,72,0,0
BRDA:695,72,1,0
BRDA:698,73,0,0
BRDA:698,73,1,0
BRDA:698,74,0,0
BRDA:698,74,1,0
BRDA:699,75,0,0
BRDA:699,75,1,0
BRDA:699,76,0,0
BRDA:699,76,1,0
BRDA:702,77,0,0
BRDA:702,77,1,0
BRDA:702,78,0,0
BRDA:702,78,1,0
BRDA:707,79,0,0
BRDA:707,79,1,0
BRDA:707,80,0,0
BRDA:707,80,1,0
BRDA:722,81,0,0
BRDA:722,81,1,0
BRDA:758,82,0,0
BRDA:758,82,1,0
BRDA:765,83,0,0
BRDA:765,83,1,0
BRDA:770,84,0,0
BRDA:770,84,1,0
BRDA:784,85,0,0
BRDA:784,85,1,0
BRDA:791,86,0,0
BRDA:791,86,1,0
BRDA:796,87,0,0
BRDA:796,87,1,0
BRDA:809,88,0,0
BRDA:809,88,1,0
BRDA:816,89,0,0
BRDA:816,89,1,0
BRDA:827,90,0,0
BRDA:827,90,1,0
BRDA:836,91,0,0
BRDA:836,91,1,0
BRDA:843,92,0,0
BRDA:843,92,1,0
BRDA:864,93,0,0
BRDA:864,93,1,0
BRDA:900,94,0,0
BRDA:900,94,1,0
BRDA:900,94,2,0
BRDA:936,95,0,0
BRDA:936,95,1,0
BRDA:943,96,0,0
BRDA:943,96,1,0
BRDA:948,97,0,0
BRDA:948,97,1,0
BRDA:962,98,0,0
BRDA:962,98,1,0
BRDA:969,99,0,0
BRDA:969,99,1,0
BRDA:974,100,0,0
BRDA:974,100,1,0
BRDA:987,101,0,0
BRDA:987,101,1,0
BRDA:994,102,0,0
BRDA:994,102,1,0
BRDA:1005,103,0,0
BRDA:1005,103,1,0
BRDA:1014,104,0,0
BRDA:1014,104,1,0
BRDA:1021,105,0,0
BRDA:1021,105,1,0
BRDA:1042,106,0,0
BRDA:1042,106,1,0
BRF:211
BRH:0
end_of_record
TN:
SF:resources/js/Pages/Admin/LaporanBiaya.jsx
FN:6,LaporanBiaya
FN:12,(anonymous_1)
FN:13,(anonymous_2)
FN:19,(anonymous_3)
FN:27,(anonymous_4)
FN:37,(anonymous_5)
FN:44,(anonymous_6)
FN:60,(anonymous_7)
FN:67,(anonymous_8)
FN:73,(anonymous_9)
FN:106,(anonymous_10)
FN:123,(anonymous_11)
FN:155,(anonymous_12)
FN:208,(anonymous_13)
FN:241,(anonymous_14)
FN:311,(anonymous_15)
FN:326,(anonymous_16)
FN:333,(anonymous_17)
FN:352,(anonymous_18)
FNF:19
FNH:0
FNDA:0,LaporanBiaya
FNDA:0,(anonymous_1)
FNDA:0,(anonymous_2)
FNDA:0,(anonymous_3)
FNDA:0,(anonymous_4)
FNDA:0,(anonymous_5)
FNDA:0,(anonymous_6)
FNDA:0,(anonymous_7)
FNDA:0,(anonymous_8)
FNDA:0,(anonymous_9)
FNDA:0,(anonymous_10)
FNDA:0,(anonymous_11)
FNDA:0,(anonymous_12)
FNDA:0,(anonymous_13)
FNDA:0,(anonymous_14)
FNDA:0,(anonymous_15)
FNDA:0,(anonymous_16)
FNDA:0,(anonymous_17)
FNDA:0,(anonymous_18)
DA:7,0
DA:8,0
DA:9,0
DA:10,0
DA:12,0
DA:13,0
DA:19,0
DA:20,0
DA:27,0
DA:28,0
DA:37,0
DA:38,0
DA:39,0
DA:44,0
DA:45,0
DA:46,0
DA:47,0
DA:49,0
DA:51,0
DA:60,0
DA:61,0
DA:63,0
DA:64,0
DA:67,0
DA:68,0
DA:73,0
DA:74,0
DA:76,0
DA:77,0
DA:78,0
DA:81,0
DA:89,0
DA:106,0
DA:124,0
DA:125,0
DA:156,0
DA:160,0
DA:208,0
DA:242,0
DA:311,0
DA:327,0
DA:328,0
DA:330,0
DA:333,0
DA:352,0
LF:45
LH:0
BRDA:6,0,0,0
BRDA:9,1,0,0
BRDA:9,1,1,0
BRDA:38,2,0,0
BRDA:38,2,1,0
BRDA:44,3,0,0
BRDA:46,4,0,0
BRDA:46,4,1,0
BRDA:46,5,0,0
BRDA:46,5,1,0
BRDA:63,6,0,0
BRDA:63,6,1,0
BRDA:74,7,0,0
BRDA:74,7,1,0
BRDA:76,8,0,0
BRDA:76,8,1,0
BRDA:121,9,0,0
BRDA:121,9,1,0
BRDA:137,10,0,0
BRDA:137,10,1,0
BRDA:137,11,0,0
BRDA:137,11,1,0
BRDA:137,11,2,0
BRDA:149,12,0,0
BRDA:149,12,1,0
BRDA:155,13,0,0
BRDA:155,13,1,0
BRDA:156,14,0,0
BRDA:156,14,1,0
BRDA:173,15,0,0
BRDA:173,15,1,0
BRDA:176,16,0,0
BRDA:176,16,1,0
BRDA:184,17,0,0
BRDA:184,17,1,0
BRDA:191,18,0,0
BRDA:191,18,1,0
BRDA:212,19,0,0
BRDA:212,19,1,0
BRDA:214,20,0,0
BRDA:214,20,1,0
BRDA:225,21,0,0
BRDA:225,21,1,0
BRDA:229,22,0,0
BRDA:229,22,1,0
BRDA:229,22,2,0
BRDA:229,22,3,0
BRDA:254,23,0,0
BRDA:254,23,1,0
BRDA:266,24,0,0
BRDA:266,24,1,0
BRDA:302,25,0,0
BRDA:302,25,1,0
BRDA:302,25,2,0
BRDA:305,26,0,0
BRDA:305,26,1,0
BRDA:305,27,0,0
BRDA:305,27,1,0
BRDA:305,28,0,0
BRDA:305,28,1,0
BRDA:309,29,0,0
BRDA:309,29,1,0
BRDA:335,30,0,0
BRDA:335,30,1,0
BRDA:340,31,0,0
BRDA:340,31,1,0
BRDA:341,32,0,0
BRDA:341,32,1,0
BRDA:350,33,0,0
BRDA:350,33,1,0
BRF:70
BRH:0
end_of_record
TN:
SF:resources/js/Pages/Admin/LoginAdmin.jsx
FN:7,LoginAdmin
FN:18,(anonymous_1)
FN:62,(anonymous_2)
FN:69,(anonymous_3)
FN:73,(anonymous_4)
FN:225,(anonymous_5)
FN:230,(anonymous_6)
FN:234,(anonymous_7)
FN:266,(anonymous_8)
FN:271,(anonymous_9)
FN:275,(anonymous_10)
FN:307,(anonymous_11)
FN:313,(anonymous_12)
FNF:13
FNH:0
FNDA:0,LoginAdmin
FNDA:0,(anonymous_1)
FNDA:0,(anonymous_2)
FNDA:0,(anonymous_3)
FNDA:0,(anonymous_4)
FNDA:0,(anonymous_5)
FNDA:0,(anonymous_6)
FNDA:0,(anonymous_7)
FNDA:0,(anonymous_8)
FNDA:0,(anonymous_9)
FNDA:0,(anonymous_10)
FNDA:0,(anonymous_11)
FNDA:0,(anonymous_12)
DA:8,0
DA:9,0
DA:10,0
DA:14,0
DA:15,0
DA:18,0
DA:19,0
DA:20,0
DA:40,0
DA:41,0
DA:62,0
DA:63,0
DA:64,0
DA:65,0
DA:67,0
DA:70,0
DA:74,0
DA:75,0
DA:80,0
DA:225,0
DA:231,0
DA:232,0
DA:235,0
DA:236,0
DA:266,0
DA:272,0
DA:273,0
DA:276,0
DA:277,0
DA:308,0
DA:309,0
DA:310,0
DA:314,0
DA:315,0
DA:316,0
LF:35
LH:0
BRDA:19,0,0,0
BRDA:19,0,1,0
BRDA:40,1,0,0
BRDA:40,1,1,0
BRDA:228,2,0,0
BRDA:228,2,1,0
BRDA:235,3,0,0
BRDA:235,3,1,0
BRDA:242,4,0,0
BRDA:242,4,1,0
BRDA:269,5,0,0
BRDA:269,5,1,0
BRDA:276,6,0,0
BRDA:276,6,1,0
BRDA:284,7,0,0
BRDA:284,7,1,0
BRDA:300,8,0,0
BRDA:300,8,1,0
BRDA:304,9,0,0
BRDA:304,9,1,0
BRDA:305,10,0,0
BRDA:305,10,1,0
BRDA:308,11,0,0
BRDA:308,11,1,0
BRDA:314,12,0,0
BRDA:314,12,1,0
BRDA:323,13,0,0
BRDA:323,13,1,0
BRF:28
BRH:0
end_of_record
TN:
SF:resources/js/Pages/Admin/PengajuanPerbaikan.jsx
FN:8,PengajuanPerbaikan
FN:21,(anonymous_1)
FN:41,(anonymous_2)
FN:42,(anonymous_3)
FN:48,(anonymous_4)
FN:54,(anonymous_5)
FN:60,(anonymous_6)
FN:74,(anonymous_7)
FN:77,(anonymous_8)
FN:109,(anonymous_9)
FN:144,(anonymous_10)
FN:189,(anonymous_11)
FN:212,(anonymous_12)
FN:246,(anonymous_13)
FN:266,(anonymous_14)
FN:280,(anonymous_15)
FN:282,(anonymous_16)
FN:308,(anonymous_17)
FN:358,(anonymous_18)
FN:391,(anonymous_19)
FN:419,(anonymous_20)
FN:419,(anonymous_21)
FN:432,(anonymous_22)
FN:432,(anonymous_23)
FN:435,(anonymous_24)
FN:452,(anonymous_25)
FN:452,(anonymous_26)
FN:508,(anonymous_27)
FN:516,(anonymous_28)
FNF:29
FNH:0
FNDA:0,PengajuanPerbaikan
FNDA:0,(anonymous_1)
FNDA:0,(anonymous_2)
FNDA:0,(anonymous_3)
FNDA:0,(anonymous_4)
FNDA:0,(anonymous_5)
FNDA:0,(anonymous_6)
FNDA:0,(anonymous_7)
FNDA:0,(anonymous_8)
FNDA:0,(anonymous_9)
FNDA:0,(anonymous_10)
FNDA:0,(anonymous_11)
FNDA:0,(anonymous_12)
FNDA:0,(anonymous_13)
FNDA:0,(anonymous_14)
FNDA:0,(anonymous_15)
FNDA:0,(anonymous_16)
FNDA:0,(anonymous_17)
FNDA:0,(anonymous_18)
FNDA:0,(anonymous_19)
FNDA:0,(anonymous_20)
FNDA:0,(anonymous_21)
FNDA:0,(anonymous_22)
FNDA:0,(anonymous_23)
FNDA:0,(anonymous_24)
FNDA:0,(anonymous_25)
FNDA:0,(anonymous_26)
FNDA:0,(anonymous_27)
FNDA:0,(anonymous_28)
DA:9,0
DA:10,0
DA:12,0
DA:13,0
DA:14,0
DA:15,0
DA:16,0
DA:17,0
DA:18,0
DA:21,0
DA:22,0
DA:23,0
DA:33,0
DA:34,0
DA:41,0
DA:42,0
DA:48,0
DA:49,0
DA:50,0
DA:51,0
DA:54,0
DA:55,0
DA:56,0
DA:57,0
DA:60,0
DA:61,0
DA:62,0
DA:66,0
DA:69,0
DA:75,0
DA:78,0
DA:83,0
DA:110,0
DA:144,0
DA:190,0
DA:212,0
DA:247,0
DA:248,0
DA:267,0
DA:268,0
DA:282,0
DA:283,0
DA:284,0
DA:285,0
DA:294,0
DA:295,0
DA:296,0
DA:297,0
DA:299,0
DA:309,0
DA:358,0
DA:392,0
DA:419,0
DA:432,0
DA:433,0
DA:435,0
DA:452,0
DA:508,0
DA:517,0
LF:59
LH:0
BRDA:8,0,0,0
BRDA:8,1,0,0
BRDA:8,2,0,0
BRDA:22,3,0,0
BRDA:22,3,1,0
BRDA:33,4,0,0
BRDA:33,4,1,0
BRDA:61,5,0,0
BRDA:61,5,1,0
BRDA:94,6,0,0
BRDA:94,6,1,0
BRDA:121,7,0,0
BRDA:121,7,1,0
BRDA:122,8,0,0
BRDA:122,8,1,0
BRDA:128,9,0,0
BRDA:128,9,1,0
BRDA:148,10,0,0
BRDA:148,10,1,0
BRDA:150,11,0,0
BRDA:150,11,1,0
BRDA:161,12,0,0
BRDA:161,12,1,0
BRDA:164,13,0,0
BRDA:164,13,1,0
BRDA:177,14,0,0
BRDA:177,14,1,0
BRDA:177,14,2,0
BRDA:264,15,0,0
BRDA:264,15,1,0
BRDA:283,16,0,0
BRDA:283,16,1,0
BRDA:286,17,0,0
BRDA:286,17,1,0
BRDA:286,17,2,0
BRDA:286,17,3,0
BRDA:301,18,0,0
BRDA:301,18,1,0
BRDA:303,19,0,0
BRDA:303,19,1,0
BRDA:320,20,0,0
BRDA:320,20,1,0
BRDA:321,21,0,0
BRDA:321,21,1,0
BRDA:328,22,0,0
BRDA:328,22,1,0
BRDA:335,23,0,0
BRDA:335,23,1,0
BRDA:343,24,0,0
BRDA:343,24,1,0
BRDA:345,25,0,0
BRDA:345,25,1,0
BRDA:347,26,0,0
BRDA:347,26,1,0
BRDA:349,27,0,0
BRDA:349,27,1,0
BRDA:354,28,0,0
BRDA:354,28,1,0
BRDA:362,29,0,0
BRDA:362,29,1,0
BRDA:364,30,0,0
BRDA:364,30,1,0
BRDA:375,31,0,0
BRDA:375,31,1,0
BRDA:378,32,0,0
BRDA:378,32,1,0
BRDA:385,33,0,0
BRDA:385,33,1,0
BRDA:385,33,2,0
BRDA:412,34,0,0
BRDA:412,34,1,0
BRDA:437,35,0,0
BRDA:437,35,1,0
BRDA:442,36,0,0
BRDA:442,36,1,0
BRDA:443,37,0,0
BRDA:443,37,1,0
BRDA:476,38,0,0
BRDA:476,38,1,0
BRDA:476,38,2,0
BRDA:518,39,0,0
BRDA:518,39,1,0
BRF:82
BRH:0
end_of_record
TN:
SF:resources/js/Pages/Driver/DashboardDriver.jsx
FN:5,DashboardDriver
FN:10,(anonymous_1)
FN:72,(anonymous_2)
FN:78,(anonymous_3)
FN:86,(anonymous_4)
FN:95,(anonymous_5)
FN:100,(anonymous_6)
FN:108,(anonymous_7)
FN:117,(anonymous_8)
FN:123,(anonymous_9)
FN:130,(anonymous_10)
FN:134,(anonymous_11)
FN:145,(anonymous_12)
FN:148,(anonymous_13)
FN:160,(anonymous_14)
FN:163,(anonymous_15)
FN:168,(anonymous_16)
FN:174,(anonymous_17)
FN:178,(anonymous_18)
FN:188,(anonymous_19)
FN:197,(anonymous_20)
FN:207,(anonymous_21)
FN:214,(anonymous_22)
FN:309,(anonymous_23)
FN:321,(anonymous_24)
FN:360,(anonymous_25)
FN:459,(anonymous_26)
FN:539,(anonymous_27)
FN:588,(anonymous_28)
FN:615,(anonymous_29)
FN:635,(anonymous_30)
FN:646,(anonymous_31)
FN:653,(anonymous_32)
FN:661,(anonymous_33)
FN:681,(anonymous_34)
FN:717,(anonymous_35)
FN:741,(anonymous_36)
FN:764,(anonymous_37)
FN:777,(anonymous_38)
FN:789,(anonymous_39)
FN:816,(anonymous_40)
FN:839,(anonymous_41)
FN:852,(anonymous_42)
FN:864,(anonymous_43)
FNF:44
FNH:0
FNDA:0,DashboardDriver
FNDA:0,(anonymous_1)
FNDA:0,(anonymous_2)
FNDA:0,(anonymous_3)
FNDA:0,(anonymous_4)
FNDA:0,(anonymous_5)
FNDA:0,(anonymous_6)
FNDA:0,(anonymous_7)
FNDA:0,(anonymous_8)
FNDA:0,(anonymous_9)
FNDA:0,(anonymous_10)
FNDA:0,(anonymous_11)
FNDA:0,(anonymous_12)
FNDA:0,(anonymous_13)
FNDA:0,(anonymous_14)
FNDA:0,(anonymous_15)
FNDA:0,(anonymous_16)
FNDA:0,(anonymous_17)
FNDA:0,(anonymous_18)
FNDA:0,(anonymous_19)
FNDA:0,(anonymous_20)
FNDA:0,(anonymous_21)
FNDA:0,(anonymous_22)
FNDA:0,(anonymous_23)
FNDA:0,(anonymous_24)
FNDA:0,(anonymous_25)
FNDA:0,(anonymous_26)
FNDA:0,(anonymous_27)
FNDA:0,(anonymous_28)
FNDA:0,(anonymous_29)
FNDA:0,(anonymous_30)
FNDA:0,(anonymous_31)
FNDA:0,(anonymous_32)
FNDA:0,(anonymous_33)
FNDA:0,(anonymous_34)
FNDA:0,(anonymous_35)
FNDA:0,(anonymous_36)
FNDA:0,(anonymous_37)
FNDA:0,(anonymous_38)
FNDA:0,(anonymous_39)
FNDA:0,(anonymous_40)
FNDA:0,(anonymous_41)
FNDA:0,(anonymous_42)
FNDA:0,(anonymous_43)
DA:6,0
DA:7,0
DA:10,0
DA:11,0
DA:12,0
DA:32,0
DA:33,0
DA:55,0
DA:56,0
DA:57,0
DA:58,0
DA:61,0
DA:65,0
DA:66,0
DA:69,0
DA:70,0
DA:72,0
DA:73,0
DA:74,0
DA:78,0
DA:79,0
DA:80,0
DA:81,0
DA:82,0
DA:86,0
DA:87,0
DA:89,0
DA:90,0
DA:92,0
DA:96,0
DA:97,0
DA:98,0
DA:101,0
DA:102,0
DA:108,0
DA:109,0
DA:110,0
DA:113,0
DA:118,0
DA:124,0
DA:130,0
DA:131,0
DA:132,0
DA:134,0
DA:140,0
DA:145,0
DA:146,0
DA:147,0
DA:148,0
DA:150,0
DA:154,0
DA:155,0
DA:160,0
DA:161,0
DA:163,0
DA:168,0
DA:169,0
DA:170,0
DA:174,0
DA:175,0
DA:176,0
DA:179,0
DA:182,0
DA:183,0
DA:188,0
DA:189,0
DA:190,0
DA:194,0
DA:197,0
DA:202,0
DA:208,0
DA:209,0
DA:215,0
DA:220,0
DA:228,0
DA:309,0
DA:321,0
DA:361,0
DA:460,0
DA:540,0
DA:541,0
DA:542,0
DA:589,0
DA:590,0
DA:591,0
DA:616,0
DA:617,0
DA:635,0
DA:646,0
DA:654,0
DA:661,0
DA:681,0
DA:717,0
DA:742,0
DA:743,0
DA:764,0
DA:777,0
DA:790,0
DA:791,0
DA:817,0
DA:818,0
DA:839,0
DA:852,0
DA:865,0
DA:866,0
LF:105
LH:0
BRDA:5,0,0,0
BRDA:5,1,0,0
BRDA:11,2,0,0
BRDA:11,2,1,0
BRDA:32,3,0,0
BRDA:32,3,1,0
BRDA:73,4,0,0
BRDA:73,4,1,0
BRDA:80,5,0,0
BRDA:80,5,1,0
BRDA:87,6,0,0
BRDA:87,6,1,0
BRDA:109,7,0,0
BRDA:109,7,1,0
BRDA:131,8,0,0
BRDA:131,8,1,0
BRDA:133,9,0,0
BRDA:133,9,1,0
BRDA:134,10,0,0
BRDA:134,10,1,0
BRDA:146,11,0,0
BRDA:146,11,1,0
BRDA:146,12,0,0
BRDA:146,12,1,0
BRDA:147,13,0,0
BRDA:147,13,1,0
BRDA:175,14,0,0
BRDA:175,14,1,0
BRDA:175,15,0,0
BRDA:175,15,1,0
BRDA:179,16,0,0
BRDA:179,16,1,0
BRDA:189,17,0,0
BRDA:189,17,1,0
BRDA:220,18,0,0
BRDA:220,18,1,0
BRDA:223,19,0,0
BRDA:223,19,1,0
BRDA:225,20,0,0
BRDA:225,20,1,0
BRDA:313,21,0,0
BRDA:313,21,1,0
BRDA:332,22,0,0
BRDA:332,22,1,0
BRDA:346,23,0,0
BRDA:346,23,1,0
BRDA:375,24,0,0
BRDA:375,24,1,0
BRDA:377,25,0,0
BRDA:377,25,1,0
BRDA:379,26,0,0
BRDA:379,26,1,0
BRDA:383,27,0,0
BRDA:383,27,1,0
BRDA:385,28,0,0
BRDA:385,28,1,0
BRDA:387,29,0,0
BRDA:387,29,1,0
BRDA:391,30,0,0
BRDA:391,30,1,0
BRDA:393,31,0,0
BRDA:393,31,1,0
BRDA:395,32,0,0
BRDA:395,32,1,0
BRDA:404,33,0,0
BRDA:404,33,1,0
BRDA:406,34,0,0
BRDA:406,34,1,0
BRDA:408,35,0,0
BRDA:408,35,1,0
BRDA:432,36,0,0
BRDA:432,36,1,0
BRDA:432,36,2,0
BRDA:435,37,0,0
BRDA:435,37,1,0
BRDA:450,38,0,0
BRDA:450,38,1,0
BRDA:450,38,2,0
BRDA:479,39,0,0
BRDA:479,39,1,0
BRDA:494,40,0,0
BRDA:494,40,1,0
BRDA:534,41,0,0
BRDA:534,41,1,0
BRDA:557,42,0,0
BRDA:557,42,1,0
BRDA:557,43,0,0
BRDA:557,43,1,0
BRDA:579,44,0,0
BRDA:579,44,1,0
BRDA:610,45,0,0
BRDA:610,45,1,0
BRDA:736,46,0,0
BRDA:736,46,1,0
BRDA:800,47,0,0
BRDA:800,47,1,0
BRDA:811,48,0,0
BRDA:811,48,1,0
BRDA:811,48,2,0
BRDA:875,49,0,0
BRDA:875,49,1,0
BRF:101
BRH:0
end_of_record
TN:
SF:resources/js/Pages/Driver/LoginDriver.jsx
FN:5,LoginDriver
FN:15,(anonymous_1)
FN:59,(anonymous_2)
FN:66,(anonymous_3)
FN:69,(anonymous_4)
FN:123,(anonymous_5)
FN:159,(anonymous_6)
FNF:7
FNH:0
FNDA:0,LoginDriver
FNDA:0,(anonymous_1)
FNDA:0,(anonymous_2)
FNDA:0,(anonymous_3)
FNDA:0,(anonymous_4)
FNDA:0,(anonymous_5)
FNDA:0,(anonymous_6)
DA:6,0
DA:7,0
DA:11,0
DA:12,0
DA:15,0
DA:16,0
DA:17,0
DA:37,0
DA:38,0
DA:59,0
DA:60,0
DA:61,0
DA:62,0
DA:64,0
DA:67,0
DA:70,0
DA:71,0
DA:76,0
DA:123,0
DA:159,0
LF:20
LH:0
BRDA:16,0,0,0
BRDA:16,0,1,0
BRDA:37,1,0,0
BRDA:37,1,1,0
BRDA:124,2,0,0
BRDA:124,2,1,0
BRDA:124,3,0,0
BRDA:124,3,1,0
BRDA:133,4,0,0
BRDA:133,4,1,0
BRDA:133,5,0,0
BRDA:133,5,1,0
BRDA:147,6,0,0
BRDA:147,6,1,0
BRDA:160,7,0,0
BRDA:160,7,1,0
BRDA:170,8,0,0
BRDA:170,8,1,0
BRDA:184,9,0,0
BRDA:184,9,1,0
BRDA:198,10,0,0
BRDA:198,10,1,0
BRF:22
BRH:0
end_of_record
TN:
SF:resources/js/Pages/Driver/ReportDriver.jsx
FN:5,ReportDriver
FN:17,(anonymous_1)
FN:28,(anonymous_2)
FN:75,(anonymous_3)
FN:76,(anonymous_4)
FN:79,(anonymous_5)
FN:81,(anonymous_6)
FN:88,(anonymous_7)
FN:139,(anonymous_8)
FN:150,(anonymous_9)
FN:153,(anonymous_10)
FN:158,(anonymous_11)
FN:224,(anonymous_12)
FN:239,(anonymous_13)
FN:255,(anonymous_14)
FN:265,(anonymous_15)
FN:272,(anonymous_16)
FN:279,(anonymous_17)
FN:355,(anonymous_18)
FN:378,(anonymous_19)
FN:391,(anonymous_20)
FN:403,(anonymous_21)
FNF:22
FNH:0
FNDA:0,ReportDriver
FNDA:0,(anonymous_1)
FNDA:0,(anonymous_2)
FNDA:0,(anonymous_3)
FNDA:0,(anonymous_4)
FNDA:0,(anonymous_5)
FNDA:0,(anonymous_6)
FNDA:0,(anonymous_7)
FNDA:0,(anonymous_8)
FNDA:0,(anonymous_9)
FNDA:0,(anonymous_10)
FNDA:0,(anonymous_11)
FNDA:0,(anonymous_12)
FNDA:0,(anonymous_13)
FNDA:0,(anonymous_14)
FNDA:0,(anonymous_15)
FNDA:0,(anonymous_16)
FNDA:0,(anonymous_17)
FNDA:0,(anonymous_18)
FNDA:0,(anonymous_19)
FNDA:0,(anonymous_20)
FNDA:0,(anonymous_21)
DA:6,0
DA:7,0
DA:13,0
DA:14,0
DA:17,0
DA:18,0
DA:19,0
DA:28,0
DA:29,0
DA:30,0
DA:50,0
DA:51,0
DA:72,0
DA:73,0
DA:75,0
DA:76,0
DA:79,0
DA:80,0
DA:81,0
DA:82,0
DA:83,0
DA:84,0
DA:88,0
DA:89,0
DA:91,0
DA:92,0
DA:110,0
DA:114,0
DA:115,0
DA:133,0
DA:136,0
DA:139,0
DA:144,0
DA:151,0
DA:154,0
DA:155,0
DA:158,0
DA:159,0
DA:182,0
DA:224,0
DA:239,0
DA:255,0
DA:265,0
DA:273,0
DA:279,0
DA:356,0
DA:357,0
DA:378,0
DA:391,0
DA:404,0
DA:405,0
LF:51
LH:0
BRDA:5,0,0,0
BRDA:18,1,0,0
BRDA:18,1,1,0
BRDA:20,2,0,0
BRDA:20,2,1,0
BRDA:21,3,0,0
BRDA:21,3,1,0
BRDA:29,4,0,0
BRDA:29,4,1,0
BRDA:50,5,0,0
BRDA:50,5,1,0
BRDA:80,6,0,0
BRDA:80,6,1,0
BRDA:80,7,0,0
BRDA:80,7,1,0
BRDA:81,8,0,0
BRDA:81,8,1,0
BRDA:91,9,0,0
BRDA:91,9,1,0
BRDA:91,10,0,0
BRDA:91,10,1,0
BRDA:114,11,0,0
BRDA:114,11,1,0
BRDA:146,12,0,0
BRDA:146,12,1,0
BRDA:147,13,0,0
BRDA:147,13,1,0
BRDA:315,14,0,0
BRDA:315,14,1,0
BRDA:315,14,2,0
BRDA:318,15,0,0
BRDA:318,15,1,0
BRDA:350,16,0,0
BRDA:350,16,1,0
BRDA:414,17,0,0
BRDA:414,17,1,0
BRF:36
BRH:0
end_of_record
TN:
SF:resources/js/Pages/Driver/RequestTowing.jsx
FN:9,(anonymous_0)
FN:18,RequestTowing
FN:35,(anonymous_2)
FN:56,(anonymous_3)
FN:84,(anonymous_4)
FN:87,(anonymous_5)
FN:103,(anonymous_6)
FN:155,(anonymous_7)
FN:160,(anonymous_8)
FN:167,(anonymous_9)
FN:178,(anonymous_10)
FN:187,(anonymous_11)
FN:194,(anonymous_12)
FN:210,(anonymous_13)
FN:219,(anonymous_14)
FN:226,(anonymous_15)
FN:242,(anonymous_16)
FN:252,(anonymous_17)
FN:257,(anonymous_18)
FN:358,(anonymous_19)
FN:403,(anonymous_20)
FN:453,(anonymous_21)
FN:476,(anonymous_22)
FN:553,(anonymous_23)
FN:616,(anonymous_24)
FNF:25
FNH:20
FNDA:1,(anonymous_0)
FNDA:44,RequestTowing
FNDA:16,(anonymous_2)
FNDA:14,(anonymous_3)
FNDA:14,(anonymous_4)
FNDA:14,(anonymous_5)
FNDA:0,(anonymous_6)
FNDA:0,(anonymous_7)
FNDA:1,(anonymous_8)
FNDA:0,(anonymous_9)
FNDA:14,(anonymous_10)
FNDA:2,(anonymous_11)
FNDA:1,(anonymous_12)
FNDA:0,(anonymous_13)
FNDA:28,(anonymous_14)
FNDA:3,(anonymous_15)
FNDA:1,(anonymous_16)
FNDA:1,(anonymous_17)
FNDA:2,(anonymous_18)
FNDA:0,(anonymous_19)
FNDA:2,(anonymous_20)
FNDA:3,(anonymous_21)
FNDA:2,(anonymous_22)
FNDA:14,(anonymous_23)
FNDA:2,(anonymous_24)
DA:5,1
DA:6,1
DA:7,1
DA:9,1
DA:10,1
DA:11,1
DA:12,1
DA:14,0
DA:19,44
DA:22,44
DA:23,44
DA:24,44
DA:25,44
DA:26,44
DA:27,44
DA:30,44
DA:31,44
DA:32,44
DA:35,44
DA:36,16
DA:37,16
DA:38,16
DA:39,16
DA:40,16
DA:42,16
DA:47,16
DA:48,16
DA:49,16
DA:51,0
DA:56,44
DA:57,14
DA:58,1
DA:69,14
DA:70,1
DA:84,44
DA:85,14
DA:87,14
DA:89,14
DA:90,1
DA:91,1
DA:92,1
DA:93,1
DA:94,1
DA:95,1
DA:99,14
DA:100,0
DA:101,0
DA:103,0
DA:104,0
DA:105,0
DA:106,0
DA:107,0
DA:108,0
DA:109,0
DA:113,14
DA:114,14
DA:116,14
DA:122,14
DA:128,14
DA:144,14
DA:149,14
DA:152,14
DA:155,14
DA:156,0
DA:157,0
DA:160,14
DA:161,1
DA:162,1
DA:163,1
DA:167,14
DA:168,0
DA:169,0
DA:172,14
DA:173,14
DA:176,14
DA:178,14
DA:179,14
DA:180,14
DA:181,14
DA:187,44
DA:188,2
DA:189,1
DA:190,1
DA:192,1
DA:193,1
DA:195,1
DA:196,1
DA:197,1
DA:199,1
DA:200,1
DA:201,1
DA:202,1
DA:206,1
DA:208,1
DA:211,0
DA:212,0
DA:219,44
DA:220,28
DA:221,0
DA:226,44
DA:227,3
DA:228,0
DA:229,0
DA:231,3
DA:232,3
DA:243,1
DA:244,1
DA:245,1
DA:246,1
DA:247,1
DA:248,1
DA:250,1
DA:252,1
DA:257,44
DA:258,2
DA:259,1
DA:266,44
DA:297,44
DA:358,0
DA:403,2
DA:453,3
DA:476,2
DA:554,14
DA:555,14
DA:556,14
DA:562,14
DA:567,14
DA:616,2
LF:128
LH:107
BRDA:12,0,0,1
BRDA:12,0,1,1
BRDA:18,1,0,44
BRDA:18,2,0,44
BRDA:48,3,0,16
BRDA:48,3,1,0
BRDA:57,4,0,1
BRDA:57,4,1,13
BRDA:69,5,0,1
BRDA:69,5,1,13
BRDA:85,6,0,0
BRDA:85,6,1,14
BRDA:85,7,0,14
BRDA:85,7,1,14
BRDA:89,8,0,1
BRDA:89,8,1,13
BRDA:89,9,0,14
BRDA:89,9,1,1
BRDA:99,10,0,0
BRDA:99,10,1,14
BRDA:100,11,0,0
BRDA:100,11,1,0
BRDA:157,12,0,0
BRDA:157,12,1,0
BRDA:179,13,0,14
BRDA:179,13,1,0
BRDA:187,14,0,2
BRDA:188,15,0,1
BRDA:188,15,1,1
BRDA:189,16,0,1
BRDA:189,16,1,0
BRDA:200,17,0,1
BRDA:200,17,1,0
BRDA:200,18,0,1
BRDA:200,18,1,1
BRDA:202,19,0,1
BRDA:202,19,1,0
BRDA:212,20,0,0
BRDA:212,20,1,0
BRDA:220,21,0,0
BRDA:220,21,1,28
BRDA:220,22,0,28
BRDA:220,22,1,14
BRDA:220,22,2,0
BRDA:227,23,0,0
BRDA:227,23,1,3
BRDA:236,24,0,3
BRDA:236,24,1,0
BRDA:237,25,0,3
BRDA:237,25,1,0
BRDA:246,26,0,1
BRDA:246,26,1,0
BRDA:246,27,0,1
BRDA:246,27,1,1
BRDA:258,28,0,1
BRDA:258,28,1,1
BRDA:334,29,0,44
BRDA:334,29,1,4
BRDA:356,30,0,4
BRDA:356,30,1,2
BRDA:386,31,0,44
BRDA:386,31,1,14
BRDA:408,32,0,0
BRDA:408,32,1,44
BRDA:429,33,0,44
BRDA:429,33,1,40
BRDA:459,34,0,40
BRDA:459,34,1,26
BRDA:487,35,0,40
BRDA:487,35,1,38
BRDA:491,36,0,2
BRDA:491,36,1,38
BRDA:513,37,0,44
BRDA:513,37,1,4
BRDA:540,38,0,37
BRDA:540,38,1,7
BRDA:554,39,0,14
BRDA:554,39,1,0
BRDA:594,40,0,14
BRDA:594,40,1,7
BRDA:614,41,0,14
BRDA:614,41,1,7
BRDA:614,41,2,7
BRF:83
BRH:62
end_of_record
TN:
SF:resources/js/Pages/Driver/SagaraAI.jsx
FN:6,SagaraAI
FN:10,(anonymous_1)
FN:70,(anonymous_2)
FN:79,(anonymous_3)
FN:83,(anonymous_4)
FN:90,(anonymous_5)
FN:106,(anonymous_6)
FN:111,(anonymous_7)
FN:117,(anonymous_8)
FN:150,(anonymous_9)
FN:152,(anonymous_10)
FN:160,(anonymous_11)
FN:175,(anonymous_12)
FN:183,(anonymous_13)
FN:218,(anonymous_14)
FN:220,(anonymous_15)
FN:220,(anonymous_16)
FN:227,(anonymous_17)
FN:228,(anonymous_18)
FN:235,(anonymous_19)
FN:240,(anonymous_20)
FN:241,(anonymous_21)
FN:301,(anonymous_22)
FN:318,(anonymous_23)
FN:349,(anonymous_24)
FNF:25
FNH:0
FNDA:0,SagaraAI
FNDA:0,(anonymous_1)
FNDA:0,(anonymous_2)
FNDA:0,(anonymous_3)
FNDA:0,(anonymous_4)
FNDA:0,(anonymous_5)
FNDA:0,(anonymous_6)
FNDA:0,(anonymous_7)
FNDA:0,(anonymous_8)
FNDA:0,(anonymous_9)
FNDA:0,(anonymous_10)
FNDA:0,(anonymous_11)
FNDA:0,(anonymous_12)
FNDA:0,(anonymous_13)
FNDA:0,(anonymous_14)
FNDA:0,(anonymous_15)
FNDA:0,(anonymous_16)
FNDA:0,(anonymous_17)
FNDA:0,(anonymous_18)
FNDA:0,(anonymous_19)
FNDA:0,(anonymous_20)
FNDA:0,(anonymous_21)
FNDA:0,(anonymous_22)
FNDA:0,(anonymous_23)
FNDA:0,(anonymous_24)
DA:7,0
DA:8,0
DA:10,0
DA:11,0
DA:12,0
DA:32,0
DA:33,0
DA:55,0
DA:62,0
DA:63,0
DA:64,0
DA:67,0
DA:68,0
DA:70,0
DA:71,0
DA:72,0
DA:73,0
DA:74,0
DA:79,0
DA:80,0
DA:83,0
DA:84,0
DA:85,0
DA:90,0
DA:91,0
DA:92,0
DA:93,0
DA:98,0
DA:101,0
DA:102,0
DA:105,0
DA:106,0
DA:107,0
DA:109,0
DA:111,0
DA:112,0
DA:115,0
DA:117,0
DA:120,0
DA:124,0
DA:128,0
DA:129,0
DA:130,0
DA:132,0
DA:135,0
DA:141,0
DA:142,0
DA:143,0
DA:146,0
DA:147,0
DA:150,0
DA:152,0
DA:159,0
DA:160,0
DA:165,0
DA:170,0
DA:175,0
DA:176,0
DA:177,0
DA:178,0
DA:183,0
DA:184,0
DA:185,0
DA:189,0
DA:193,0
DA:194,0
DA:198,0
DA:202,0
DA:203,0
DA:205,0
DA:210,0
DA:220,0
DA:221,0
DA:227,0
DA:228,0
DA:236,0
DA:237,0
DA:240,0
DA:241,0
DA:251,0
DA:302,0
DA:318,0
DA:349,0
LF:83
LH:0
BRDA:6,0,0,0
BRDA:6,1,0,0
BRDA:11,2,0,0
BRDA:11,2,1,0
BRDA:32,3,0,0
BRDA:32,3,1,0
BRDA:72,4,0,0
BRDA:72,4,1,0
BRDA:84,5,0,0
BRDA:84,5,1,0
BRDA:91,6,0,0
BRDA:91,6,1,0
BRDA:91,7,0,0
BRDA:91,7,1,0
BRDA:91,7,2,0
BRDA:92,8,0,0
BRDA:92,8,1,0
BRDA:117,9,0,0
BRDA:117,9,1,0
BRDA:120,10,0,0
BRDA:120,10,1,0
BRDA:121,11,0,0
BRDA:121,11,1,0
BRDA:128,12,0,0
BRDA:128,12,1,0
BRDA:150,13,0,0
BRDA:150,13,1,0
BRDA:155,14,0,0
BRDA:155,14,1,0
BRDA:176,15,0,0
BRDA:176,15,1,0
BRDA:176,16,0,0
BRDA:176,16,1,0
BRDA:184,17,0,0
BRDA:184,17,1,0
BRDA:193,18,0,0
BRDA:193,18,1,0
BRDA:193,19,0,0
BRDA:193,19,1,0
BRDA:193,19,2,0
BRDA:202,20,0,0
BRDA:202,20,1,0
BRDA:203,21,0,0
BRDA:203,21,1,0
BRDA:221,22,0,0
BRDA:221,22,1,0
BRDA:221,23,0,0
BRDA:221,23,1,0
BRDA:237,24,0,0
BRDA:237,24,1,0
BRDA:237,24,2,0
BRDA:237,24,3,0
BRDA:304,25,0,0
BRDA:304,25,1,0
BRDA:308,26,0,0
BRDA:308,26,1,0
BRDA:316,27,0,0
BRDA:316,27,1,0
BRDA:316,27,2,0
BRDA:318,28,0,0
BRDA:318,28,1,0
BRDA:329,29,0,0
BRDA:329,29,1,0
BRDA:357,30,0,0
BRDA:357,30,1,0
BRF:65
BRH:0
end_of_record
TN:
SF:resources/js/Pages/Driver/UploadBill.jsx
FN:5,(anonymous_0)
FN:10,(anonymous_1)
FN:16,UploadBill
FN:22,(anonymous_3)
FN:38,(anonymous_4)
FN:46,(anonymous_5)
FN:55,(anonymous_6)
FN:60,(anonymous_7)
FN:114,(anonymous_8)
FN:184,(anonymous_9)
FNF:10
FNH:10
FNDA:2,(anonymous_0)
FNDA:4,(anonymous_1)
FNDA:20,UploadBill
FNDA:11,(anonymous_3)
FNDA:5,(anonymous_4)
FNDA:3,(anonymous_5)
FNDA:1,(anonymous_6)
FNDA:1,(anonymous_7)
FNDA:1,(anonymous_8)
FNDA:2,(anonymous_9)
DA:5,1
DA:6,2
DA:7,2
DA:8,2
DA:10,4
DA:13,2
DA:17,20
DA:18,20
DA:19,20
DA:20,20
DA:22,20
DA:23,11
DA:24,1
DA:30,11
DA:31,1
DA:38,20
DA:39,5
DA:40,5
DA:41,5
DA:42,5
DA:46,20
DA:47,3
DA:49,3
DA:50,3
DA:51,3
DA:53,3
DA:56,1
DA:57,1
DA:58,1
DA:61,1
DA:62,1
DA:65,1
DA:70,20
DA:115,1
DA:116,1
DA:186,2
DA:187,2
DA:188,2
DA:191,2
DA:195,2
LF:40
LH:40
BRDA:6,0,0,0
BRDA:6,0,1,2
BRDA:6,1,0,2
BRDA:6,1,1,2
BRDA:16,2,0,20
BRDA:23,3,0,1
BRDA:23,3,1,10
BRDA:30,4,0,1
BRDA:30,4,1,10
BRDA:40,5,0,5
BRDA:40,5,1,0
BRDA:47,6,0,0
BRDA:47,6,1,3
BRDA:110,7,0,20
BRDA:110,7,1,7
BRDA:127,8,0,20
BRDA:127,8,1,13
BRDA:142,9,0,20
BRDA:142,9,1,7
BRDA:145,10,0,1
BRDA:145,10,1,19
BRDA:172,11,0,19
BRDA:172,11,1,1
BRDA:201,12,0,1
BRDA:201,12,1,1
BRDA:204,13,0,1
BRDA:204,13,1,1
BRF:27
BRH:24
end_of_record
TN:
SF:resources/js/Pages/Mekanik/DashboardMekanik.jsx
FN:6,DashboardMekanik
FN:15,(anonymous_1)
FN:59,(anonymous_2)
FN:67,(anonymous_3)
FN:76,(anonymous_4)
FN:81,(anonymous_5)
FN:105,(anonymous_6)
FN:111,(anonymous_7)
FN:115,(anonymous_8)
FN:118,(anonymous_9)
FN:142,(anonymous_10)
FN:146,(anonymous_11)
FN:149,(anonymous_12)
FN:193,(anonymous_13)
FN:231,(anonymous_14)
FN:259,(anonymous_15)
FN:295,(anonymous_16)
FN:387,(anonymous_17)
FN:433,(anonymous_18)
FN:459,(anonymous_19)
FN:471,(anonymous_20)
FN:488,(anonymous_21)
FNF:22
FNH:0
FNDA:0,DashboardMekanik
FNDA:0,(anonymous_1)
FNDA:0,(anonymous_2)
FNDA:0,(anonymous_3)
FNDA:0,(anonymous_4)
FNDA:0,(anonymous_5)
FNDA:0,(anonymous_6)
FNDA:0,(anonymous_7)
FNDA:0,(anonymous_8)
FNDA:0,(anonymous_9)
FNDA:0,(anonymous_10)
FNDA:0,(anonymous_11)
FNDA:0,(anonymous_12)
FNDA:0,(anonymous_13)
FNDA:0,(anonymous_14)
FNDA:0,(anonymous_15)
FNDA:0,(anonymous_16)
FNDA:0,(anonymous_17)
FNDA:0,(anonymous_18)
FNDA:0,(anonymous_19)
FNDA:0,(anonymous_20)
FNDA:0,(anonymous_21)
DA:7,0
DA:8,0
DA:9,0
DA:10,0
DA:11,0
DA:12,0
DA:15,0
DA:16,0
DA:17,0
DA:37,0
DA:38,0
DA:59,0
DA:60,0
DA:61,0
DA:62,0
DA:63,0
DA:67,0
DA:68,0
DA:70,0
DA:71,0
DA:73,0
DA:77,0
DA:78,0
DA:79,0
DA:82,0
DA:83,0
DA:105,0
DA:106,0
DA:107,0
DA:111,0
DA:112,0
DA:113,0
DA:119,0
DA:142,0
DA:143,0
DA:144,0
DA:150,0
DA:173,0
DA:175,0
DA:193,0
DA:231,0
DA:259,0
DA:296,0
DA:300,0
DA:388,0
DA:389,0
DA:390,0
DA:434,0
DA:435,0
DA:436,0
DA:459,0
DA:472,0
DA:489,0
LF:53
LH:0
BRDA:7,0,0,0
BRDA:7,1,0,0
BRDA:16,2,0,0
BRDA:16,2,1,0
BRDA:37,3,0,0
BRDA:37,3,1,0
BRDA:61,4,0,0
BRDA:61,4,1,0
BRDA:68,5,0,0
BRDA:68,5,1,0
BRDA:106,6,0,0
BRDA:106,6,1,0
BRDA:112,7,0,0
BRDA:112,7,1,0
BRDA:143,8,0,0
BRDA:143,8,1,0
BRDA:173,9,0,0
BRDA:173,9,1,0
BRDA:173,10,0,0
BRDA:173,10,1,0
BRDA:173,11,0,0
BRDA:173,11,1,0
BRDA:245,12,0,0
BRDA:245,12,1,0
BRDA:268,13,0,0
BRDA:268,13,1,0
BRDA:294,14,0,0
BRDA:294,14,1,0
BRDA:296,15,0,0
BRDA:296,15,1,0
BRDA:296,16,0,0
BRDA:296,16,1,0
BRDA:298,17,0,0
BRDA:298,17,1,0
BRDA:356,18,0,0
BRDA:356,18,1,0
BRDA:383,19,0,0
BRDA:383,19,1,0
BRDA:404,20,0,0
BRDA:404,20,1,0
BRDA:425,21,0,0
BRDA:425,21,1,0
BRDA:455,22,0,0
BRDA:455,22,1,0
BRDA:470,23,0,0
BRDA:470,23,1,0
BRDA:476,24,0,0
BRDA:476,24,1,0
BRDA:488,25,0,0
BRDA:488,25,1,0
BRDA:488,25,2,0
BRF:51
BRH:0
end_of_record
TN:
SF:resources/js/Pages/Mekanik/DetailKerusakan.jsx
FN:6,DetailKerusakan
FN:11,(anonymous_1)
FN:23,(anonymous_2)
FN:67,(anonymous_3)
FN:69,(anonymous_4)
FN:75,(anonymous_5)
FN:77,(anonymous_6)
FN:83,(anonymous_7)
FN:88,(anonymous_8)
FN:91,(anonymous_9)
FN:137,(anonymous_10)
FN:145,(anonymous_11)
FN:146,(anonymous_12)
FN:165,(anonymous_13)
FN:176,(anonymous_14)
FN:189,(anonymous_15)
FN:192,(anonymous_16)
FN:215,(anonymous_17)
FN:218,(anonymous_18)
FN:344,(anonymous_19)
FN:354,(anonymous_20)
FN:387,(anonymous_21)
FN:398,(anonymous_22)
FN:436,(anonymous_23)
FNF:24
FNH:0
FNDA:0,DetailKerusakan
FNDA:0,(anonymous_1)
FNDA:0,(anonymous_2)
FNDA:0,(anonymous_3)
FNDA:0,(anonymous_4)
FNDA:0,(anonymous_5)
FNDA:0,(anonymous_6)
FNDA:0,(anonymous_7)
FNDA:0,(anonymous_8)
FNDA:0,(anonymous_9)
FNDA:0,(anonymous_10)
FNDA:0,(anonymous_11)
FNDA:0,(anonymous_12)
FNDA:0,(anonymous_13)
FNDA:0,(anonymous_14)
FNDA:0,(anonymous_15)
FNDA:0,(anonymous_16)
FNDA:0,(anonymous_17)
FNDA:0,(anonymous_18)
FNDA:0,(anonymous_19)
FNDA:0,(anonymous_20)
FNDA:0,(anonymous_21)
FNDA:0,(anonymous_22)
FNDA:0,(anonymous_23)
DA:7,0
DA:8,0
DA:10,0
DA:11,0
DA:18,0
DA:19,0
DA:20,0
DA:23,0
DA:24,0
DA:25,0
DA:45,0
DA:46,0
DA:67,0
DA:68,0
DA:70,0
DA:75,0
DA:76,0
DA:78,0
DA:83,0
DA:84,0
DA:93,0
DA:94,0
DA:114,0
DA:137,0
DA:138,0
DA:139,0
DA:140,0
DA:141,0
DA:145,0
DA:146,0
DA:148,0
DA:149,0
DA:150,0
DA:154,0
DA:155,0
DA:156,0
DA:157,0
DA:159,0
DA:160,0
DA:161,0
DA:165,0
DA:172,0
DA:173,0
DA:176,0
DA:177,0
DA:178,0
DA:179,0
DA:182,0
DA:183,0
DA:186,0
DA:194,0
DA:195,0
DA:213,0
DA:215,0
DA:216,0
DA:217,0
DA:218,0
DA:219,0
DA:242,0
DA:265,0
DA:267,0
DA:271,0
DA:345,0
DA:354,0
DA:388,0
DA:399,0
DA:437,0
DA:438,0
DA:439,0
DA:440,0
LF:70
LH:0
BRDA:7,0,0,0
BRDA:7,0,1,0
BRDA:10,1,0,0
BRDA:10,1,1,0
BRDA:13,2,0,0
BRDA:13,2,1,0
BRDA:13,3,0,0
BRDA:13,3,1,0
BRDA:24,4,0,0
BRDA:24,4,1,0
BRDA:45,5,0,0
BRDA:45,5,1,0
BRDA:70,6,0,0
BRDA:70,6,1,0
BRDA:78,7,0,0
BRDA:78,7,1,0
BRDA:93,8,0,0
BRDA:93,8,1,0
BRDA:139,9,0,0
BRDA:139,9,1,0
BRDA:148,10,0,0
BRDA:148,10,1,0
BRDA:155,11,0,0
BRDA:155,11,1,0
BRDA:159,12,0,0
BRDA:159,12,1,0
BRDA:179,13,0,0
BRDA:179,13,1,0
BRDA:182,14,0,0
BRDA:182,14,1,0
BRDA:194,15,0,0
BRDA:194,15,1,0
BRDA:213,16,0,0
BRDA:213,16,1,0
BRDA:215,17,0,0
BRDA:215,17,1,0
BRDA:217,18,0,0
BRDA:217,18,1,0
BRDA:265,19,0,0
BRDA:265,19,1,0
BRDA:267,20,0,0
BRDA:267,20,1,0
BRDA:267,21,0,0
BRDA:267,21,1,0
BRDA:269,22,0,0
BRDA:269,22,1,0
BRDA:333,23,0,0
BRDA:333,23,1,0
BRDA:355,24,0,0
BRDA:355,24,1,0
BRDA:360,25,0,0
BRDA:360,25,1,0
BRDA:376,26,0,0
BRDA:376,26,1,0
BRDA:386,27,0,0
BRDA:386,27,1,0
BRDA:397,28,0,0
BRDA:397,28,1,0
BRDA:424,29,0,0
BRDA:424,29,1,0
BRDA:432,30,0,0
BRDA:432,30,1,0
BRF:62
BRH:0
end_of_record
TN:
SF:resources/js/Pages/Mekanik/LoginMekanik.jsx
FN:5,LoginMekanik
FN:15,(anonymous_1)
FN:59,(anonymous_2)
FN:66,(anonymous_3)
FN:69,(anonymous_4)
FN:76,(anonymous_5)
FN:78,(anonymous_6)
FN:128,(anonymous_7)
FN:128,(anonymous_8)
FNF:9
FNH:0
FNDA:0,LoginMekanik
FNDA:0,(anonymous_1)
FNDA:0,(anonymous_2)
FNDA:0,(anonymous_3)
FNDA:0,(anonymous_4)
FNDA:0,(anonymous_5)
FNDA:0,(anonymous_6)
FNDA:0,(anonymous_7)
FNDA:0,(anonymous_8)
DA:6,0
DA:7,0
DA:11,0
DA:12,0
DA:15,0
DA:16,0
DA:17,0
DA:37,0
DA:38,0
DA:59,0
DA:60,0
DA:61,0
DA:62,0
DA:64,0
DA:67,0
DA:70,0
DA:71,0
DA:76,0
DA:77,0
DA:78,0
DA:81,0
DA:128,0
LF:22
LH:0
BRDA:16,0,0,0
BRDA:16,0,1,0
BRDA:37,1,0,0
BRDA:37,1,1,0
BRDA:130,2,0,0
BRDA:130,2,1,0
BRDA:147,3,0,0
BRDA:147,3,1,0
BRDA:161,4,0,0
BRDA:161,4,1,0
BRDA:179,5,0,0
BRDA:179,5,1,0
BRDA:193,6,0,0
BRDA:193,6,1,0
BRF:14
BRH:0
end_of_record
TN:
SF:resources/js/Pages/Mekanik/SagaraAI.jsx
FN:6,SagaraAI
FN:10,(anonymous_1)
FN:69,(anonymous_2)
FN:77,(anonymous_3)
FN:81,(anonymous_4)
FN:87,(anonymous_5)
FN:102,(anonymous_6)
FN:108,(anonymous_7)
FN:112,(anonymous_8)
FN:149,(anonymous_9)
FN:155,(anonymous_10)
FN:168,(anonymous_11)
FN:176,(anonymous_12)
FN:186,(anonymous_13)
FN:205,(anonymous_14)
FN:213,(anonymous_15)
FN:253,(anonymous_16)
FN:265,(anonymous_17)
FN:347,(anonymous_18)
FN:353,(anonymous_19)
FN:370,(anonymous_20)
FN:406,(anonymous_21)
FN:429,(anonymous_22)
FN:526,(anonymous_23)
FNF:24
FNH:0
FNDA:0,SagaraAI
FNDA:0,(anonymous_1)
FNDA:0,(anonymous_2)
FNDA:0,(anonymous_3)
FNDA:0,(anonymous_4)
FNDA:0,(anonymous_5)
FNDA:0,(anonymous_6)
FNDA:0,(anonymous_7)
FNDA:0,(anonymous_8)
FNDA:0,(anonymous_9)
FNDA:0,(anonymous_10)
FNDA:0,(anonymous_11)
FNDA:0,(anonymous_12)
FNDA:0,(anonymous_13)
FNDA:0,(anonymous_14)
FNDA:0,(anonymous_15)
FNDA:0,(anonymous_16)
FNDA:0,(anonymous_17)
FNDA:0,(anonymous_18)
FNDA:0,(anonymous_19)
FNDA:0,(anonymous_20)
FNDA:0,(anonymous_21)
FNDA:0,(anonymous_22)
FNDA:0,(anonymous_23)
DA:7,0
DA:8,0
DA:10,0
DA:11,0
DA:12,0
DA:32,0
DA:33,0
DA:54,0
DA:55,0
DA:61,0
DA:62,0
DA:63,0
DA:64,0
DA:66,0
DA:67,0
DA:69,0
DA:70,0
DA:71,0
DA:72,0
DA:73,0
DA:77,0
DA:78,0
DA:81,0
DA:82,0
DA:83,0
DA:87,0
DA:88,0
DA:89,0
DA:90,0
DA:95,0
DA:98,0
DA:99,0
DA:101,0
DA:102,0
DA:103,0
DA:105,0
DA:106,0
DA:108,0
DA:112,0
DA:113,0
DA:114,0
DA:115,0
DA:118,0
DA:122,0
DA:134,0
DA:135,0
DA:136,0
DA:138,0
DA:141,0
DA:145,0
DA:146,0
DA:147,0
DA:149,0
DA:154,0
DA:155,0
DA:159,0
DA:164,0
DA:168,0
DA:169,0
DA:170,0
DA:171,0
DA:176,0
DA:177,0
DA:178,0
DA:186,0
DA:187,0
DA:188,0
DA:189,0
DA:194,0
DA:197,0
DA:198,0
DA:200,0
DA:201,0
DA:202,0
DA:205,0
DA:210,0
DA:212,0
DA:213,0
DA:216,0
DA:225,0
DA:249,0
DA:250,0
DA:251,0
DA:253,0
DA:264,0
DA:265,0
DA:269,0
DA:274,0
DA:278,0
DA:348,0
DA:349,0
DA:350,0
DA:353,0
DA:371,0
DA:407,0
DA:430,0
DA:433,0
DA:434,0
DA:435,0
DA:436,0
DA:449,0
DA:450,0
DA:454,0
DA:455,0
DA:457,0
DA:458,0
DA:459,0
DA:460,0
DA:461,0
DA:463,0
DA:464,0
DA:476,0
DA:477,0
DA:486,0
DA:487,0
DA:488,0
DA:491,0
DA:526,0
LF:118
LH:0
BRDA:6,0,0,0
BRDA:11,1,0,0
BRDA:11,1,1,0
BRDA:32,2,0,0
BRDA:32,2,1,0
BRDA:71,3,0,0
BRDA:71,3,1,0
BRDA:82,4,0,0
BRDA:82,4,1,0
BRDA:88,5,0,0
BRDA:88,5,1,0
BRDA:88,6,0,0
BRDA:88,6,1,0
BRDA:88,6,2,0
BRDA:89,7,0,0
BRDA:89,7,1,0
BRDA:108,8,0,0
BRDA:108,8,1,0
BRDA:115,9,0,0
BRDA:115,9,1,0
BRDA:115,10,0,0
BRDA:115,10,1,0
BRDA:115,11,0,0
BRDA:115,11,1,0
BRDA:115,12,0,0
BRDA:115,12,1,0
BRDA:118,13,0,0
BRDA:118,13,1,0
BRDA:134,14,0,0
BRDA:134,14,1,0
BRDA:169,15,0,0
BRDA:169,15,1,0
BRDA:169,16,0,0
BRDA:169,16,1,0
BRDA:187,17,0,0
BRDA:187,17,1,0
BRDA:187,18,0,0
BRDA:187,18,1,0
BRDA:188,19,0,0
BRDA:188,19,1,0
BRDA:207,20,0,0
BRDA:207,20,1,0
BRDA:207,21,0,0
BRDA:207,21,1,0
BRDA:212,22,0,0
BRDA:212,22,1,0
BRDA:217,23,0,0
BRDA:217,23,1,0
BRDA:218,24,0,0
BRDA:218,24,1,0
BRDA:219,25,0,0
BRDA:219,25,1,0
BRDA:220,26,0,0
BRDA:220,26,1,0
BRDA:221,27,0,0
BRDA:221,27,1,0
BRDA:326,28,0,0
BRDA:326,28,1,0
BRDA:343,29,0,0
BRDA:343,29,1,0
BRDA:343,29,2,0
BRDA:360,30,0,0
BRDA:360,30,1,0
BRDA:362,31,0,0
BRDA:362,31,1,0
BRDA:365,32,0,0
BRDA:365,32,1,0
BRDA:368,33,0,0
BRDA:368,33,1,0
BRDA:368,33,2,0
BRDA:375,34,0,0
BRDA:375,34,1,0
BRDA:352,35,0,0
BRDA:352,35,1,0
BRDA:395,36,0,0
BRDA:395,36,1,0
BRDA:395,36,2,0
BRDA:409,37,0,0
BRDA:409,37,1,0
BRDA:413,38,0,0
BRDA:413,38,1,0
BRDA:415,39,0,0
BRDA:415,39,1,0
BRDA:420,40,0,0
BRDA:420,40,1,0
BRDA:420,40,2,0
BRDA:427,41,0,0
BRDA:427,41,1,0
BRDA:434,42,0,0
BRDA:434,42,1,0
BRDA:449,43,0,0
BRDA:449,43,1,0
BRDA:449,44,0,0
BRDA:449,44,1,0
BRDA:449,44,2,0
BRDA:454,45,0,0
BRDA:454,45,1,0
BRDA:454,46,0,0
BRDA:454,46,1,0
BRDA:457,47,0,0
BRDA:457,47,1,0
BRDA:457,48,0,0
BRDA:457,48,1,0
BRDA:459,49,0,0
BRDA:459,49,1,0
BRDA:469,50,0,0
BRDA:469,50,1,0
BRDA:486,51,0,0
BRDA:486,51,1,0
BRDA:486,52,0,0
BRDA:486,52,1,0
BRDA:486,52,2,0
BRDA:500,53,0,0
BRDA:500,53,1,0
BRDA:500,53,2,0
BRDA:510,54,0,0
BRDA:510,54,1,0
BRDA:528,55,0,0
BRDA:528,55,1,0
BRDA:529,56,0,0
BRDA:529,56,1,0
BRDA:529,56,2,0
BRDA:534,57,0,0
BRDA:534,57,1,0
BRDA:534,57,2,0
BRDA:534,57,3,0
BRF:126
BRH:0
end_of_record
TN:
SF:resources/js/components/Aurora.jsx
FN:111,Aurora
FN:118,(anonymous_1)
FN:135,resize
FN:151,(anonymous_3)
FN:172,(anonymous_4)
FN:179,(anonymous_5)
FN:189,(anonymous_6)
FNF:7
FNH:0
FNDA:0,Aurora
FNDA:0,(anonymous_1)
FNDA:0,resize
FNDA:0,(anonymous_3)
FNDA:0,(anonymous_4)
FNDA:0,(anonymous_5)
FNDA:0,(anonymous_6)
DA:5,0
DA:12,0
DA:112,0
DA:113,0
DA:114,0
DA:116,0
DA:118,0
DA:119,0
DA:120,0
DA:122,0
DA:127,0
DA:128,0
DA:129,0
DA:130,0
DA:131,0
DA:136,0
DA:137,0
DA:138,0
DA:139,0
DA:140,0
DA:141,0
DA:144,0
DA:146,0
DA:147,0
DA:148,0
DA:151,0
DA:152,0
DA:153,0
DA:156,0
DA:168,0
DA:169,0
DA:171,0
DA:172,0
DA:173,0
DA:174,0
DA:175,0
DA:176,0
DA:177,0
DA:178,0
DA:179,0
DA:180,0
DA:181,0
DA:183,0
DA:185,0
DA:187,0
DA:189,0
DA:190,0
DA:191,0
DA:192,0
DA:193,0
DA:195,0
DA:200,0
LF:52
LH:0
BRDA:112,0,0,0
BRDA:112,1,0,0
BRDA:112,2,0,0
BRDA:120,3,0,0
BRDA:120,3,1,0
BRDA:136,4,0,0
BRDA:136,4,1,0
BRDA:140,5,0,0
BRDA:140,5,1,0
BRDA:147,6,0,0
BRDA:147,6,1,0
BRDA:174,7,0,0
BRDA:174,8,0,0
BRDA:176,9,0,0
BRDA:176,9,1,0
BRDA:177,10,0,0
BRDA:177,10,1,0
BRDA:178,11,0,0
BRDA:178,11,1,0
BRDA:192,12,0,0
BRDA:192,12,1,0
BRDA:192,13,0,0
BRDA:192,13,1,0
BRF:23
BRH:0
end_of_record
TN:
SF:resources/js/components/ModelViewer.jsx
FN:11,(anonymous_0)
FN:20,(anonymous_1)
FN:38,(anonymous_2)
FN:40,(anonymous_3)
FN:53,(anonymous_4)
FN:82,(anonymous_5)
FN:83,(anonymous_6)
FN:92,(anonymous_7)
FN:102,(anonymous_8)
FN:129,(anonymous_9)
FN:132,(anonymous_10)
FN:141,(anonymous_11)
FN:146,(anonymous_12)
FN:152,(anonymous_13)
FN:159,(anonymous_14)
FN:170,(anonymous_15)
FN:173,(anonymous_16)
FN:180,(anonymous_17)
FN:193,(anonymous_18)
FN:210,(anonymous_19)
FN:250,(anonymous_20)
FN:260,(anonymous_21)
FN:269,(anonymous_22)
FN:271,(anonymous_23)
FN:280,(anonymous_24)
FN:283,(anonymous_25)
FN:332,(anonymous_26)
FN:360,(anonymous_27)
FN:371,(anonymous_28)
FN:378,(anonymous_29)
FN:392,(anonymous_30)
FN:425,(anonymous_31)
FNF:32
FNH:0
FNDA:0,(anonymous_0)
FNDA:0,(anonymous_1)
FNDA:0,(anonymous_2)
FNDA:0,(anonymous_3)
FNDA:0,(anonymous_4)
FNDA:0,(anonymous_5)
FNDA:0,(anonymous_6)
FNDA:0,(anonymous_7)
FNDA:0,(anonymous_8)
FNDA:0,(anonymous_9)
FNDA:0,(anonymous_10)
FNDA:0,(anonymous_11)
FNDA:0,(anonymous_12)
FNDA:0,(anonymous_13)
FNDA:0,(anonymous_14)
FNDA:0,(anonymous_15)
FNDA:0,(anonymous_16)
FNDA:0,(anonymous_17)
FNDA:0,(anonymous_18)
FNDA:0,(anonymous_19)
FNDA:0,(anonymous_20)
FNDA:0,(anonymous_21)
FNDA:0,(anonymous_22)
FNDA:0,(anonymous_23)
FNDA:0,(anonymous_24)
FNDA:0,(anonymous_25)
FNDA:0,(anonymous_26)
FNDA:0,(anonymous_27)
FNDA:0,(anonymous_28)
FNDA:0,(anonymous_29)
FNDA:0,(anonymous_30)
FNDA:0,(anonymous_31)
DA:10,0
DA:11,0
DA:12,0
DA:13,0
DA:14,0
DA:15,0
DA:16,0
DA:17,0
DA:18,0
DA:20,0
DA:21,0
DA:22,0
DA:23,0
DA:38,0
DA:39,0
DA:40,0
DA:41,0
DA:53,0
DA:72,0
DA:73,0
DA:74,0
DA:76,0
DA:77,0
DA:78,0
DA:79,0
DA:80,0
DA:82,0
DA:83,0
DA:84,0
DA:85,0
DA:86,0
DA:87,0
DA:88,0
DA:91,0
DA:92,0
DA:93,0
DA:94,0
DA:95,0
DA:97,0
DA:98,0
DA:99,0
DA:100,0
DA:102,0
DA:103,0
DA:104,0
DA:105,0
DA:106,0
DA:107,0
DA:108,0
DA:113,0
DA:114,0
DA:115,0
DA:117,0
DA:118,0
DA:119,0
DA:120,0
DA:121,0
DA:122,0
DA:123,0
DA:124,0
DA:127,0
DA:128,0
DA:129,0
DA:130,0
DA:131,0
DA:132,0
DA:133,0
DA:135,0
DA:136,0
DA:137,0
DA:138,0
DA:141,0
DA:142,0
DA:146,0
DA:147,0
DA:148,0
DA:149,0
DA:150,0
DA:151,0
DA:152,0
DA:153,0
DA:154,0
DA:155,0
DA:156,0
DA:157,0
DA:159,0
DA:160,0
DA:161,0
DA:162,0
DA:163,0
DA:164,0
DA:165,0
DA:166,0
DA:167,0
DA:168,0
DA:170,0
DA:171,0
DA:172,0
DA:173,0
DA:174,0
DA:175,0
DA:176,0
DA:180,0
DA:181,0
DA:182,0
DA:183,0
DA:185,0
DA:186,0
DA:187,0
DA:188,0
DA:189,0
DA:190,0
DA:191,0
DA:193,0
DA:194,0
DA:195,0
DA:196,0
DA:197,0
DA:198,0
DA:199,0
DA:200,0
DA:201,0
DA:202,0
DA:203,0
DA:204,0
DA:205,0
DA:207,0
DA:210,0
DA:211,0
DA:212,0
DA:213,0
DA:214,0
DA:216,0
DA:217,0
DA:218,0
DA:219,0
DA:220,0
DA:221,0
DA:222,0
DA:224,0
DA:225,0
DA:230,0
DA:231,0
DA:232,0
DA:233,0
DA:234,0
DA:235,0
DA:236,0
DA:237,0
DA:238,0
DA:239,0
DA:240,0
DA:241,0
DA:242,0
DA:243,0
DA:244,0
DA:245,0
DA:246,0
DA:250,0
DA:251,0
DA:252,0
DA:253,0
DA:256,0
DA:257,0
DA:258,0
DA:259,0
DA:260,0
DA:261,0
DA:262,0
DA:263,0
DA:264,0
DA:269,0
DA:270,0
DA:271,0
DA:272,0
DA:273,0
DA:274,0
DA:275,0
DA:276,0
DA:277,0
DA:279,0
DA:280,0
DA:283,0
DA:284,0
DA:285,0
DA:286,0
DA:287,0
DA:288,0
DA:289,0
DA:290,0
DA:292,0
DA:293,0
DA:294,0
DA:295,0
DA:297,0
DA:298,0
DA:300,0
DA:301,0
DA:302,0
DA:305,0
DA:306,0
DA:307,0
DA:308,0
DA:309,0
DA:311,0
DA:317,0
DA:319,0
DA:322,0
DA:323,0
DA:332,0
DA:360,0
DA:361,0
DA:362,0
DA:363,0
DA:364,0
DA:365,0
DA:367,0
DA:368,0
DA:369,0
DA:371,0
DA:372,0
DA:373,0
DA:374,0
DA:375,0
DA:376,0
DA:377,0
DA:378,0
DA:379,0
DA:380,0
DA:381,0
DA:384,0
DA:385,0
DA:386,0
DA:387,0
DA:388,0
DA:389,0
DA:390,0
DA:391,0
DA:392,0
DA:393,0
DA:394,0
DA:397,0
DA:426,0
DA:427,0
DA:428,0
DA:429,0
DA:430,0
LF:247
LH:0
BRDA:10,0,0,0
BRDA:10,0,1,0
BRDA:10,0,2,0
BRDA:22,1,0,0
BRDA:22,1,1,0
BRDA:22,2,0,0
BRDA:22,2,1,0
BRDA:25,3,0,0
BRDA:25,3,1,0
BRDA:84,4,0,0
BRDA:84,4,1,0
BRDA:84,5,0,0
BRDA:84,5,1,0
BRDA:85,6,0,0
BRDA:85,6,1,0
BRDA:86,7,0,0
BRDA:86,7,1,0
BRDA:93,8,0,0
BRDA:93,8,1,0
BRDA:103,9,0,0
BRDA:103,9,1,0
BRDA:106,10,0,0
BRDA:106,10,1,0
BRDA:117,11,0,0
BRDA:117,11,1,0
BRDA:117,12,0,0
BRDA:117,12,1,0
BRDA:127,13,0,0
BRDA:127,13,1,0
BRDA:133,14,0,0
BRDA:133,14,1,0
BRDA:136,15,0,0
BRDA:136,15,1,0
BRDA:147,16,0,0
BRDA:147,16,1,0
BRDA:147,17,0,0
BRDA:147,17,1,0
BRDA:153,18,0,0
BRDA:153,18,1,0
BRDA:153,19,0,0
BRDA:153,19,1,0
BRDA:160,20,0,0
BRDA:160,20,1,0
BRDA:181,21,0,0
BRDA:181,21,1,0
BRDA:194,22,0,0
BRDA:194,22,1,0
BRDA:196,23,0,0
BRDA:196,23,1,0
BRDA:200,24,0,0
BRDA:200,24,1,0
BRDA:200,25,0,0
BRDA:200,25,1,0
BRDA:212,26,0,0
BRDA:212,26,1,0
BRDA:216,27,0,0
BRDA:216,27,1,0
BRDA:219,28,0,0
BRDA:219,28,1,0
BRDA:219,29,0,0
BRDA:219,29,1,0
BRDA:220,30,0,0
BRDA:220,30,1,0
BRDA:220,31,0,0
BRDA:220,31,1,0
BRDA:230,32,0,0
BRDA:230,32,1,0
BRDA:240,33,0,0
BRDA:240,33,1,0
BRDA:240,34,0,0
BRDA:240,34,1,0
BRDA:252,35,0,0
BRDA:252,35,1,0
BRDA:252,36,0,0
BRDA:252,36,1,0
BRDA:253,37,0,0
BRDA:253,37,1,0
BRDA:253,38,0,0
BRDA:253,38,1,0
BRDA:270,39,0,0
BRDA:270,39,1,0
BRDA:272,40,0,0
BRDA:272,40,1,0
BRDA:275,41,0,0
BRDA:275,41,1,0
BRDA:276,42,0,0
BRDA:276,42,1,0
BRDA:300,43,0,0
BRDA:300,43,1,0
BRDA:309,44,0,0
BRDA:309,44,1,0
BRDA:309,45,0,0
BRDA:309,45,1,0
BRDA:311,46,0,0
BRDA:311,46,1,0
BRDA:312,47,0,0
BRDA:312,47,1,0
BRDA:312,47,2,0
BRDA:312,47,3,0
BRDA:319,48,0,0
BRDA:319,48,1,0
BRDA:322,49,0,0
BRDA:322,49,1,0
BRDA:334,50,0,0
BRDA:335,51,0,0
BRDA:336,52,0,0
BRDA:337,53,0,0
BRDA:338,54,0,0
BRDA:339,55,0,0
BRDA:340,56,0,0
BRDA:341,57,0,0
BRDA:342,58,0,0
BRDA:343,59,0,0
BRDA:344,60,0,0
BRDA:345,61,0,0
BRDA:346,62,0,0
BRDA:347,63,0,0
BRDA:348,64,0,0
BRDA:349,65,0,0
BRDA:350,66,0,0
BRDA:351,67,0,0
BRDA:352,68,0,0
BRDA:354,69,0,0
BRDA:355,70,0,0
BRDA:356,71,0,0
BRDA:357,72,0,0
BRDA:375,73,0,0
BRDA:375,73,1,0
BRDA:375,74,0,0
BRDA:375,74,1,0
BRDA:375,74,2,0
BRDA:379,75,0,0
BRDA:379,75,1,0
BRDA:379,76,0,0
BRDA:379,76,1,0
BRDA:384,77,0,0
BRDA:384,77,1,0
BRDA:393,78,0,0
BRDA:393,78,1,0
BRDA:405,79,0,0
BRDA:405,79,1,0
BRDA:434,80,0,0
BRDA:434,80,1,0
BRDA:469,81,0,0
BRDA:469,81,1,0
BRF:145
BRH:0
end_of_record
TN:
SF:resources/js/components/NavbarAdmin.jsx
FN:6,(anonymous_0)
FN:19,(anonymous_1)
FN:22,(anonymous_2)
FN:35,(anonymous_3)
FN:39,(anonymous_4)
FN:54,(anonymous_5)
FN:60,(anonymous_6)
FN:68,(anonymous_7)
FN:77,(anonymous_8)
FN:82,(anonymous_9)
FN:101,(anonymous_10)
FN:150,(anonymous_11)
FN:173,(anonymous_12)
FN:184,(anonymous_13)
FN:199,(anonymous_14)
FN:238,(anonymous_15)
FN:241,(anonymous_16)
FN:249,(anonymous_17)
FN:264,(anonymous_18)
FN:286,(anonymous_19)
FN:303,(anonymous_20)
FN:307,(anonymous_21)
FN:344,(anonymous_22)
FN:345,(anonymous_23)
FN:350,(anonymous_24)
FN:354,(anonymous_25)
FN:391,(anonymous_26)
FN:404,(anonymous_27)
FN:408,(anonymous_28)
FN:427,(anonymous_29)
FN:446,(anonymous_30)
FN:450,(anonymous_31)
FN:467,(anonymous_32)
FN:482,(anonymous_33)
FN:509,(anonymous_34)
FN:513,(anonymous_35)
FN:532,(anonymous_36)
FN:544,(anonymous_37)
FN:548,(anonymous_38)
FN:597,(anonymous_39)
FNF:40
FNH:0
FNDA:0,(anonymous_0)
FNDA:0,(anonymous_1)
FNDA:0,(anonymous_2)
FNDA:0,(anonymous_3)
FNDA:0,(anonymous_4)
FNDA:0,(anonymous_5)
FNDA:0,(anonymous_6)
FNDA:0,(anonymous_7)
FNDA:0,(anonymous_8)
FNDA:0,(anonymous_9)
FNDA:0,(anonymous_10)
FNDA:0,(anonymous_11)
FNDA:0,(anonymous_12)
FNDA:0,(anonymous_13)
FNDA:0,(anonymous_14)
FNDA:0,(anonymous_15)
FNDA:0,(anonymous_16)
FNDA:0,(anonymous_17)
FNDA:0,(anonymous_18)
FNDA:0,(anonymous_19)
FNDA:0,(anonymous_20)
FNDA:0,(anonymous_21)
FNDA:0,(anonymous_22)
FNDA:0,(anonymous_23)
FNDA:0,(anonymous_24)
FNDA:0,(anonymous_25)
FNDA:0,(anonymous_26)
FNDA:0,(anonymous_27)
FNDA:0,(anonymous_28)
FNDA:0,(anonymous_29)
FNDA:0,(anonymous_30)
FNDA:0,(anonymous_31)
FNDA:0,(anonymous_32)
FNDA:0,(anonymous_33)
FNDA:0,(anonymous_34)
FNDA:0,(anonymous_35)
FNDA:0,(anonymous_36)
FNDA:0,(anonymous_37)
FNDA:0,(anonymous_38)
FNDA:0,(anonymous_39)
DA:6,0
DA:7,0
DA:8,0
DA:9,0
DA:10,0
DA:11,0
DA:12,0
DA:13,0
DA:14,0
DA:15,0
DA:16,0
DA:19,0
DA:20,0
DA:22,0
DA:24,0
DA:25,0
DA:28,0
DA:29,0
DA:30,0
DA:35,0
DA:36,0
DA:39,0
DA:40,0
DA:41,0
DA:45,0
DA:48,0
DA:54,0
DA:55,0
DA:56,0
DA:60,0
DA:61,0
DA:62,0
DA:63,0
DA:64,0
DA:68,0
DA:69,0
DA:71,0
DA:72,0
DA:74,0
DA:78,0
DA:79,0
DA:80,0
DA:83,0
DA:84,0
DA:93,0
DA:101,0
DA:102,0
DA:103,0
DA:105,0
DA:109,0
DA:116,0
DA:118,0
DA:151,0
DA:174,0
DA:175,0
DA:176,0
DA:184,0
DA:199,0
DA:239,0
DA:242,0
DA:249,0
DA:264,0
DA:287,0
DA:288,0
DA:289,0
DA:290,0
DA:304,0
DA:305,0
DA:306,0
DA:307,0
DA:344,0
DA:345,0
DA:351,0
DA:355,0
DA:356,0
DA:357,0
DA:358,0
DA:392,0
DA:393,0
DA:394,0
DA:405,0
DA:406,0
DA:409,0
DA:410,0
DA:427,0
DA:447,0
DA:450,0
DA:467,0
DA:482,0
DA:510,0
DA:511,0
DA:514,0
DA:515,0
DA:533,0
DA:534,0
DA:535,0
DA:544,0
DA:549,0
DA:550,0
DA:551,0
DA:598,0
DA:599,0
DA:600,0
LF:103
LH:0
BRDA:20,0,0,0
BRDA:20,0,1,0
BRDA:28,1,0,0
BRDA:28,1,1,0
BRDA:28,2,0,0
BRDA:28,2,1,0
BRDA:45,3,0,0
BRDA:45,3,1,0
BRDA:45,3,2,0
BRDA:45,4,0,0
BRDA:45,4,1,0
BRDA:45,5,0,0
BRDA:45,5,1,0
BRDA:48,6,0,0
BRDA:48,6,1,0
BRDA:55,7,0,0
BRDA:55,7,1,0
BRDA:62,8,0,0
BRDA:62,8,1,0
BRDA:69,9,0,0
BRDA:69,9,1,0
BRDA:102,10,0,0
BRDA:102,10,1,0
BRDA:109,11,0,0
BRDA:109,11,1,0
BRDA:155,12,0,0
BRDA:155,12,1,0
BRDA:161,13,0,0
BRDA:161,13,1,0
BRDA:182,14,0,0
BRDA:182,14,1,0
BRDA:182,15,0,0
BRDA:182,15,1,0
BRDA:200,16,0,0
BRDA:200,16,1,0
BRDA:204,17,0,0
BRDA:204,17,1,0
BRDA:204,18,0,0
BRDA:204,18,1,0
BRDA:212,19,0,0
BRDA:212,19,1,0
BRDA:212,19,2,0
BRDA:216,20,0,0
BRDA:216,20,1,0
BRDA:222,21,0,0
BRDA:222,21,1,0
BRDA:247,22,0,0
BRDA:247,22,1,0
BRDA:247,23,0,0
BRDA:247,23,1,0
BRDA:269,24,0,0
BRDA:269,24,1,0
BRDA:269,25,0,0
BRDA:269,25,1,0
BRDA:275,26,0,0
BRDA:275,26,1,0
BRDA:275,26,2,0
BRDA:278,27,0,0
BRDA:278,27,1,0
BRDA:324,28,0,0
BRDA:324,28,1,0
BRDA:330,29,0,0
BRDA:330,29,1,0
BRDA:361,30,0,0
BRDA:361,30,1,0
BRDA:369,31,0,0
BRDA:369,31,1,0
BRDA:376,32,0,0
BRDA:376,32,1,0
BRDA:431,33,0,0
BRDA:431,33,1,0
BRDA:443,34,0,0
BRDA:443,34,1,0
BRDA:452,35,0,0
BRDA:452,35,1,0
BRDA:465,36,0,0
BRDA:465,36,1,0
BRDA:465,37,0,0
BRDA:465,37,1,0
BRDA:487,38,0,0
BRDA:487,38,1,0
BRDA:487,39,0,0
BRDA:487,39,1,0
BRDA:495,40,0,0
BRDA:495,40,1,0
BRDA:495,40,2,0
BRDA:498,41,0,0
BRDA:498,41,1,0
BRDA:529,42,0,0
BRDA:529,42,1,0
BRDA:566,43,0,0
BRDA:566,43,1,0
BRDA:566,44,0,0
BRDA:566,44,1,0
BRDA:566,45,0,0
BRDA:566,45,1,0
BRDA:566,46,0,0
BRDA:566,46,1,0
BRDA:588,47,0,0
BRDA:588,47,1,0
BRF:100
BRH:0
end_of_record
TN:
SF:resources/js/components/TextType.jsx
FN:6,(anonymous_0)
FN:35,(anonymous_1)
FN:37,(anonymous_2)
FN:43,(anonymous_3)
FN:48,(anonymous_4)
FN:51,(anonymous_5)
FN:52,(anonymous_6)
FN:60,(anonymous_7)
FN:63,(anonymous_8)
FN:76,(anonymous_9)
FN:84,(anonymous_10)
FN:96,(anonymous_11)
FN:98,(anonymous_12)
FN:100,(anonymous_13)
FN:101,(anonymous_14)
FN:106,(anonymous_15)
FN:107,(anonymous_16)
FN:108,(anonymous_17)
FN:112,(anonymous_18)
FN:125,(anonymous_19)
FNF:20
FNH:0
FNDA:0,(anonymous_0)
FNDA:0,(anonymous_1)
FNDA:0,(anonymous_2)
FNDA:0,(anonymous_3)
FNDA:0,(anonymous_4)
FNDA:0,(anonymous_5)
FNDA:0,(anonymous_6)
FNDA:0,(anonymous_7)
FNDA:0,(anonymous_8)
FNDA:0,(anonymous_9)
FNDA:0,(anonymous_10)
FNDA:0,(anonymous_11)
FNDA:0,(anonymous_12)
FNDA:0,(anonymous_13)
FNDA:0,(anonymous_14)
FNDA:0,(anonymous_15)
FNDA:0,(anonymous_16)
FNDA:0,(anonymous_17)
FNDA:0,(anonymous_18)
FNDA:0,(anonymous_19)
DA:6,0
DA:27,0
DA:28,0
DA:29,0
DA:30,0
DA:31,0
DA:32,0
DA:33,0
DA:35,0
DA:37,0
DA:38,0
DA:39,0
DA:40,0
DA:43,0
DA:44,0
DA:45,0
DA:48,0
DA:49,0
DA:51,0
DA:52,0
DA:53,0
DA:54,0
DA:59,0
DA:60,0
DA:63,0
DA:64,0
DA:65,0
DA:66,0
DA:76,0
DA:77,0
DA:81,0
DA:82,0
DA:84,0
DA:85,0
DA:86,0
DA:87,0
DA:88,0
DA:89,0
DA:92,0
DA:93,0
DA:96,0
DA:97,0
DA:98,0
DA:100,0
DA:101,0
DA:105,0
DA:106,0
DA:107,0
DA:108,0
DA:110,0
DA:111,0
DA:112,0
DA:113,0
DA:119,0
DA:120,0
DA:122,0
DA:125,0
DA:145,0
DA:147,0
DA:157,0
LF:60
LH:0
BRDA:8,0,0,0
BRDA:9,1,0,0
BRDA:10,2,0,0
BRDA:11,3,0,0
BRDA:12,4,0,0
BRDA:13,5,0,0
BRDA:14,6,0,0
BRDA:15,7,0,0
BRDA:16,8,0,0
BRDA:17,9,0,0
BRDA:18,10,0,0
BRDA:19,11,0,0
BRDA:20,12,0,0
BRDA:23,13,0,0
BRDA:24,14,0,0
BRDA:35,15,0,0
BRDA:35,15,1,0
BRDA:38,16,0,0
BRDA:38,16,1,0
BRDA:44,17,0,0
BRDA:44,17,1,0
BRDA:49,18,0,0
BRDA:49,18,1,0
BRDA:49,19,0,0
BRDA:49,19,1,0
BRDA:53,20,0,0
BRDA:53,20,1,0
BRDA:64,21,0,0
BRDA:64,21,1,0
BRDA:64,22,0,0
BRDA:64,22,1,0
BRDA:77,23,0,0
BRDA:77,23,1,0
BRDA:82,24,0,0
BRDA:82,24,1,0
BRDA:85,25,0,0
BRDA:85,25,1,0
BRDA:86,26,0,0
BRDA:86,26,1,0
BRDA:88,27,0,0
BRDA:88,27,1,0
BRDA:88,28,0,0
BRDA:88,28,1,0
BRDA:92,29,0,0
BRDA:92,29,1,0
BRDA:105,30,0,0
BRDA:105,30,1,0
BRDA:109,31,0,0
BRDA:109,31,1,0
BRDA:110,32,0,0
BRDA:110,32,1,0
BRDA:111,33,0,0
BRDA:111,33,1,0
BRDA:111,34,0,0
BRDA:111,34,1,0
BRDA:119,35,0,0
BRDA:119,35,1,0
BRDA:119,36,0,0
BRDA:119,36,1,0
BRDA:119,36,2,0
BRDA:145,37,0,0
BRDA:145,37,1,0
BRDA:145,37,2,0
BRDA:147,38,0,0
BRDA:147,38,1,0
BRDA:170,39,0,0
BRDA:170,39,1,0
BRDA:173,40,0,0
BRDA:173,40,1,0
BRF:69
BRH:0
end_of_record
TN:
SF:resources/js/components/Lanyard/Ariq/LanyardAriq.jsx
FN:21,LanyardAriq
FN:22,(anonymous_1)
FN:24,(anonymous_2)
FN:25,(anonymous_3)
FN:27,(anonymous_4)
FN:37,(anonymous_5)
FN:72,Band
FN:86,(anonymous_7)
FN:101,(anonymous_8)
FN:104,(anonymous_9)
FN:108,(anonymous_10)
FN:113,(anonymous_11)
FN:117,(anonymous_12)
FN:161,(anonymous_13)
FN:162,(anonymous_14)
FN:163,(anonymous_15)
FN:164,(anonymous_16)
FNF:17
FNH:0
FNDA:0,LanyardAriq
FNDA:0,(anonymous_1)
FNDA:0,(anonymous_2)
FNDA:0,(anonymous_3)
FNDA:0,(anonymous_4)
FNDA:0,(anonymous_5)
FNDA:0,Band
FNDA:0,(anonymous_7)
FNDA:0,(anonymous_8)
FNDA:0,(anonymous_9)
FNDA:0,(anonymous_10)
FNDA:0,(anonymous_11)
FNDA:0,(anonymous_12)
FNDA:0,(anonymous_13)
FNDA:0,(anonymous_14)
FNDA:0,(anonymous_15)
FNDA:0,(anonymous_16)
DA:14,0
DA:15,0
DA:19,0
DA:22,0
DA:24,0
DA:25,0
DA:26,0
DA:27,0
DA:30,0
DA:37,0
DA:73,0
DA:74,0
DA:75,0
DA:76,0
DA:77,0
DA:78,0
DA:79,0
DA:80,0
DA:81,0
DA:82,0
DA:83,0
DA:84,0
DA:85,0
DA:86,0
DA:87,0
DA:90,0
DA:91,0
DA:93,0
DA:94,0
DA:95,0
DA:96,0
DA:101,0
DA:102,0
DA:103,0
DA:104,0
DA:108,0
DA:109,0
DA:110,0
DA:111,0
DA:112,0
DA:113,0
DA:114,0
DA:116,0
DA:117,0
DA:118,0
DA:119,0
DA:120,0
DA:125,0
DA:126,0
DA:127,0
DA:128,0
DA:129,0
DA:130,0
DA:131,0
DA:132,0
DA:136,0
DA:137,0
DA:139,0
DA:161,0
DA:162,0
DA:163,0
DA:165,0
LF:62
LH:0
BRDA:21,0,0,0
BRDA:21,1,0,0
BRDA:21,2,0,0
BRDA:21,3,0,0
BRDA:22,4,0,0
BRDA:22,4,1,0
BRDA:35,5,0,0
BRDA:35,5,1,0
BRDA:37,6,0,0
BRDA:37,6,1,0
BRDA:39,7,0,0
BRDA:39,7,1,0
BRDA:72,8,0,0
BRDA:72,9,0,0
BRDA:72,10,0,0
BRDA:102,11,0,0
BRDA:102,11,1,0
BRDA:103,12,0,0
BRDA:103,12,1,0
BRDA:109,13,0,0
BRDA:109,13,1,0
BRDA:116,14,0,0
BRDA:116,14,1,0
BRDA:118,15,0,0
BRDA:118,15,1,0
BRDA:129,16,0,0
BRDA:129,16,1,0
BRDA:156,17,0,0
BRDA:156,17,1,0
BRDA:174,18,0,0
BRDA:174,18,1,0
BRDA:192,19,0,0
BRDA:192,19,1,0
BRF:33
BRH:0
end_of_record
TN:
SF:resources/js/components/Lanyard/Relingga/Lanyard.jsx
FN:21,Lanyard
FN:22,(anonymous_1)
FN:24,(anonymous_2)
FN:25,(anonymous_3)
FN:27,(anonymous_4)
FN:37,(anonymous_5)
FN:72,Band
FN:86,(anonymous_7)
FN:101,(anonymous_8)
FN:104,(anonymous_9)
FN:108,(anonymous_10)
FN:113,(anonymous_11)
FN:117,(anonymous_12)
FN:161,(anonymous_13)
FN:162,(anonymous_14)
FN:163,(anonymous_15)
FN:164,(anonymous_16)
FNF:17
FNH:0
FNDA:0,Lanyard
FNDA:0,(anonymous_1)
FNDA:0,(anonymous_2)
FNDA:0,(anonymous_3)
FNDA:0,(anonymous_4)
FNDA:0,(anonymous_5)
FNDA:0,Band
FNDA:0,(anonymous_7)
FNDA:0,(anonymous_8)
FNDA:0,(anonymous_9)
FNDA:0,(anonymous_10)
FNDA:0,(anonymous_11)
FNDA:0,(anonymous_12)
FNDA:0,(anonymous_13)
FNDA:0,(anonymous_14)
FNDA:0,(anonymous_15)
FNDA:0,(anonymous_16)
DA:14,0
DA:15,0
DA:19,0
DA:22,0
DA:24,0
DA:25,0
DA:26,0
DA:27,0
DA:30,0
DA:37,0
DA:73,0
DA:74,0
DA:75,0
DA:76,0
DA:77,0
DA:78,0
DA:79,0
DA:80,0
DA:81,0
DA:82,0
DA:83,0
DA:84,0
DA:85,0
DA:86,0
DA:87,0
DA:90,0
DA:91,0
DA:93,0
DA:94,0
DA:95,0
DA:96,0
DA:101,0
DA:102,0
DA:103,0
DA:104,0
DA:108,0
DA:109,0
DA:110,0
DA:111,0
DA:112,0
DA:113,0
DA:114,0
DA:116,0
DA:117,0
DA:118,0
DA:119,0
DA:120,0
DA:125,0
DA:126,0
DA:127,0
DA:128,0
DA:129,0
DA:130,0
DA:131,0
DA:132,0
DA:136,0
DA:137,0
DA:139,0
DA:161,0
DA:162,0
DA:163,0
DA:165,0
LF:62
LH:0
BRDA:21,0,0,0
BRDA:21,1,0,0
BRDA:21,2,0,0
BRDA:21,3,0,0
BRDA:22,4,0,0
BRDA:22,4,1,0
BRDA:35,5,0,0
BRDA:35,5,1,0
BRDA:37,6,0,0
BRDA:37,6,1,0
BRDA:39,7,0,0
BRDA:39,7,1,0
BRDA:72,8,0,0
BRDA:72,9,0,0
BRDA:72,10,0,0
BRDA:102,11,0,0
BRDA:102,11,1,0
BRDA:103,12,0,0
BRDA:103,12,1,0
BRDA:109,13,0,0
BRDA:109,13,1,0
BRDA:116,14,0,0
BRDA:116,14,1,0
BRDA:118,15,0,0
BRDA:118,15,1,0
BRDA:129,16,0,0
BRDA:129,16,1,0
BRDA:156,17,0,0
BRDA:156,17,1,0
BRDA:174,18,0,0
BRDA:174,18,1,0
BRDA:192,19,0,0
BRDA:192,19,1,0
BRF:33
BRH:0
end_of_record
TN:
SF:resources/js/components/admin/DeleteModal.jsx
FN:3,DeleteModal
FN:25,(anonymous_1)
FN:93,(anonymous_2)
FN:96,(anonymous_3)
FN:110,(anonymous_4)
FN:113,(anonymous_5)
FNF:6
FNH:0
FNDA:0,DeleteModal
FNDA:0,(anonymous_1)
FNDA:0,(anonymous_2)
FNDA:0,(anonymous_3)
FNDA:0,(anonymous_4)
FNDA:0,(anonymous_5)
DA:11,0
DA:13,0
DA:25,0
DA:94,0
DA:97,0
DA:111,0
DA:114,0
LF:7
LH:0
BRDA:11,0,0,0
BRDA:11,0,1,0
BRDA:61,1,0,0
BRDA:61,1,1,0
BRDA:66,2,0,0
BRDA:66,2,1,0
BRF:6
BRH:0
end_of_record
TN:
SF:resources/js/components/admin/PageHeader.jsx
FN:3,PageHeader
FN:28,(anonymous_1)
FN:32,(anonymous_2)
FN:144,(anonymous_3)
FN:147,(anonymous_4)
FNF:5
FNH:0
FNDA:0,PageHeader
FNDA:0,(anonymous_1)
FNDA:0,(anonymous_2)
FNDA:0,(anonymous_3)
FNDA:0,(anonymous_4)
DA:12,0
DA:29,0
DA:30,0
DA:33,0
DA:34,0
DA:145,0
DA:148,0
LF:7
LH:0
BRDA:9,0,0,0
BRDA:10,1,0,0
BRDA:70,2,0,0
BRDA:70,2,1,0
BRDA:118,3,0,0
BRDA:118,3,1,0
BRDA:135,4,0,0
BRDA:135,4,1,0
BRDA:135,4,2,0
BRF:9
BRH:0
end_of_record
TN:
SF:resources/js/components/admin/DashboardAdmin/Chart.jsx
FN:3,Chart
FN:5,(anonymous_1)
FN:37,(anonymous_2)
FNF:3
FNH:0
FNDA:0,Chart
FNDA:0,(anonymous_1)
FNDA:0,(anonymous_2)
DA:4,0
DA:5,0
DA:9,0
DA:16,0
DA:38,0
DA:39,0
LF:6
LH:0
BRDA:3,0,0,0
BRDA:4,1,0,0
BRDA:4,1,1,0
BRDA:9,2,0,0
BRDA:9,2,1,0
BRDA:35,3,0,0
BRDA:35,3,1,0
BRDA:46,4,0,0
BRDA:46,4,1,0
BRDA:49,5,0,0
BRDA:49,5,1,0
BRF:11
BRH:0
end_of_record
TN:
SF:resources/js/components/admin/DashboardAdmin/Header.jsx
FN:4,Header
FN:69,(anonymous_1)
FN:72,(anonymous_2)
FNF:3
FNH:0
FNDA:0,Header
FNDA:0,(anonymous_1)
FNDA:0,(anonymous_2)
DA:6,0
DA:23,0
DA:70,0
DA:73,0
LF:4
LH:0
BRDA:6,0,0,0
BRDA:6,0,1,0
BRF:2
BRH:0
end_of_record
TN:
SF:resources/js/components/admin/DashboardAdmin/QuickActions.jsx
FN:4,QuickActions
FN:40,(anonymous_1)
FN:93,(anonymous_2)
FN:122,(anonymous_3)
FN:125,(anonymous_4)
FN:138,(anonymous_5)
FN:141,(anonymous_6)
FNF:7
FNH:0
FNDA:0,QuickActions
FNDA:0,(anonymous_1)
FNDA:0,(anonymous_2)
FNDA:0,(anonymous_3)
FNDA:0,(anonymous_4)
FNDA:0,(anonymous_5)
FNDA:0,(anonymous_6)
DA:6,0
DA:22,0
DA:40,0
DA:41,0
DA:42,0
DA:46,0
DA:93,0
DA:123,0
DA:125,0
DA:139,0
DA:142,0
LF:11
LH:0
BRDA:6,0,0,0
BRDA:6,0,1,0
BRDA:41,1,0,0
BRDA:41,1,1,0
BRF:4
BRH:0
end_of_record
TN:
SF:resources/js/components/admin/DashboardAdmin/RecentActivities.jsx
FN:4,RecentActivities
FN:71,(anonymous_1)
FN:79,(anonymous_2)
FN:128,(anonymous_3)
FN:135,(anonymous_4)
FN:140,(anonymous_5)
FNF:6
FNH:0
FNDA:0,RecentActivities
FNDA:0,(anonymous_1)
FNDA:0,(anonymous_2)
FNDA:0,(anonymous_3)
FNDA:0,(anonymous_4)
FNDA:0,(anonymous_5)
DA:5,0
DA:6,0
DA:8,0
DA:21,0
DA:72,0
DA:77,0
DA:79,0
DA:80,0
DA:81,0
DA:85,0
DA:128,0
DA:136,0
DA:137,0
DA:138,0
DA:141,0
DA:142,0
DA:143,0
LF:17
LH:0
BRDA:6,0,0,0
BRDA:6,0,1,0
BRDA:8,1,0,0
BRDA:8,1,1,0
BRDA:77,2,0,0
BRDA:77,2,1,0
BRDA:80,3,0,0
BRDA:80,3,1,0
BRDA:126,4,0,0
BRDA:126,4,1,0
BRDA:146,5,0,0
BRDA:146,5,1,0
BRDA:147,6,0,0
BRDA:147,6,1,0
BRF:14
BRH:0
end_of_record
TN:
SF:resources/js/components/admin/DashboardAdmin/Stats.jsx
FN:3,Stats
FN:16,(anonymous_1)
FNF:2
FNH:0
FNDA:0,Stats
FNDA:0,(anonymous_1)
DA:5,0
DA:14,0
DA:17,0
DA:23,0
DA:24,0
DA:26,0
LF:6
LH:0
BRDA:5,0,0,0
BRDA:5,0,1,0
BRF:2
BRH:0
end_of_record
TN:
SF:resources/js/components/admin/GenerateKey/CreateModal.jsx
FN:3,CreateModal
FN:27,(anonymous_1)
FN:76,(anonymous_2)
FN:80,(anonymous_3)
FN:107,(anonymous_4)
FN:115,(anonymous_5)
FN:120,(anonymous_6)
FN:147,(anonymous_7)
FN:155,(anonymous_8)
FN:160,(anonymous_9)
FN:192,(anonymous_10)
FN:200,(anonymous_11)
FN:205,(anonymous_12)
FN:221,(anonymous_13)
FN:224,(anonymous_14)
FN:257,(anonymous_15)
FN:261,(anonymous_16)
FN:275,(anonymous_17)
FN:278,(anonymous_18)
FNF:19
FNH:0
FNDA:0,CreateModal
FNDA:0,(anonymous_1)
FNDA:0,(anonymous_2)
FNDA:0,(anonymous_3)
FNDA:0,(anonymous_4)
FNDA:0,(anonymous_5)
FNDA:0,(anonymous_6)
FNDA:0,(anonymous_7)
FNDA:0,(anonymous_8)
FNDA:0,(anonymous_9)
FNDA:0,(anonymous_10)
FNDA:0,(anonymous_11)
FNDA:0,(anonymous_12)
FNDA:0,(anonymous_13)
FNDA:0,(anonymous_14)
FNDA:0,(anonymous_15)
FNDA:0,(anonymous_16)
FNDA:0,(anonymous_17)
FNDA:0,(anonymous_18)
DA:13,0
DA:15,0
DA:27,0
DA:77,0
DA:78,0
DA:81,0
DA:82,0
DA:107,0
DA:116,0
DA:117,0
DA:118,0
DA:121,0
DA:122,0
DA:123,0
DA:147,0
DA:156,0
DA:157,0
DA:158,0
DA:161,0
DA:162,0
DA:163,0
DA:192,0
DA:201,0
DA:202,0
DA:203,0
DA:206,0
DA:207,0
DA:208,0
DA:222,0
DA:225,0
DA:258,0
DA:259,0
DA:262,0
DA:263,0
DA:276,0
DA:279,0
LF:36
LH:0
BRDA:13,0,0,0
BRDA:13,0,1,0
BRDA:128,1,0,0
BRDA:128,1,1,0
BRDA:171,2,0,0
BRDA:171,2,1,0
BRDA:239,3,0,0
BRDA:239,3,1,0
BRF:8
BRH:0
end_of_record
TN:
SF:resources/js/components/admin/GenerateKey/DaftarUserTable.jsx
FN:4,DaftarUserTable
FN:19,(anonymous_1)
FN:20,(anonymous_2)
FN:47,(anonymous_3)
FN:51,(anonymous_4)
FN:131,(anonymous_5)
FN:138,(anonymous_6)
FN:143,(anonymous_7)
FN:166,(anonymous_8)
FN:174,(anonymous_9)
FN:179,(anonymous_10)
FN:213,(anonymous_11)
FN:217,(anonymous_12)
FN:291,(anonymous_13)
FN:292,(anonymous_14)
FN:308,(anonymous_15)
FN:336,(anonymous_16)
FN:339,(anonymous_17)
FN:373,(anonymous_18)
FN:377,(anonymous_19)
FN:381,(anonymous_20)
FN:399,(anonymous_21)
FN:406,(anonymous_22)
FN:410,(anonymous_23)
FN:427,(anonymous_24)
FN:433,(anonymous_25)
FN:437,(anonymous_26)
FN:448,(anonymous_27)
FN:454,(anonymous_28)
FN:458,(anonymous_29)
FN:488,(anonymous_30)
FN:505,(anonymous_31)
FN:548,(anonymous_32)
FN:554,(anonymous_33)
FNF:34
FNH:0
FNDA:0,DaftarUserTable
FNDA:0,(anonymous_1)
FNDA:0,(anonymous_2)
FNDA:0,(anonymous_3)
FNDA:0,(anonymous_4)
FNDA:0,(anonymous_5)
FNDA:0,(anonymous_6)
FNDA:0,(anonymous_7)
FNDA:0,(anonymous_8)
FNDA:0,(anonymous_9)
FNDA:0,(anonymous_10)
FNDA:0,(anonymous_11)
FNDA:0,(anonymous_12)
FNDA:0,(anonymous_13)
FNDA:0,(anonymous_14)
FNDA:0,(anonymous_15)
FNDA:0,(anonymous_16)
FNDA:0,(anonymous_17)
FNDA:0,(anonymous_18)
FNDA:0,(anonymous_19)
FNDA:0,(anonymous_20)
FNDA:0,(anonymous_21)
FNDA:0,(anonymous_22)
FNDA:0,(anonymous_23)
FNDA:0,(anonymous_24)
FNDA:0,(anonymous_25)
FNDA:0,(anonymous_26)
FNDA:0,(anonymous_27)
FNDA:0,(anonymous_28)
FNDA:0,(anonymous_29)
FNDA:0,(anonymous_30)
FNDA:0,(anonymous_31)
FNDA:0,(anonymous_32)
FNDA:0,(anonymous_33)
DA:17,0
DA:19,0
DA:20,0
DA:21,0
DA:22,0
DA:23,0
DA:25,0
DA:27,0
DA:31,0
DA:48,0
DA:49,0
DA:52,0
DA:53,0
DA:131,0
DA:139,0
DA:140,0
DA:141,0
DA:144,0
DA:145,0
DA:146,0
DA:166,0
DA:175,0
DA:176,0
DA:177,0
DA:180,0
DA:181,0
DA:182,0
DA:214,0
DA:215,0
DA:218,0
DA:219,0
DA:292,0
DA:293,0
DA:295,0
DA:296,0
DA:308,0
DA:314,0
DA:328,0
DA:337,0
DA:340,0
DA:374,0
DA:375,0
DA:378,0
DA:379,0
DA:382,0
DA:383,0
DA:399,0
DA:407,0
DA:408,0
DA:411,0
DA:412,0
DA:427,0
DA:434,0
DA:435,0
DA:438,0
DA:439,0
DA:448,0
DA:455,0
DA:456,0
DA:459,0
DA:460,0
DA:489,0
DA:490,0
DA:503,0
DA:505,0
DA:506,0
DA:507,0
DA:508,0
DA:509,0
DA:510,0
DA:511,0
DA:512,0
DA:518,0
DA:519,0
DA:528,0
DA:549,0
DA:550,0
DA:551,0
DA:555,0
DA:556,0
DA:557,0
LF:81
LH:0
BRDA:22,0,0,0
BRDA:22,0,1,0
BRDA:102,1,0,0
BRDA:102,1,1,0
BRDA:201,2,0,0
BRDA:201,2,1,0
BRDA:201,2,2,0
BRDA:228,3,0,0
BRDA:228,3,1,0
BRDA:228,3,2,0
BRDA:233,4,0,0
BRDA:233,4,1,0
BRDA:233,5,0,0
BRDA:233,5,1,0
BRDA:280,6,0,0
BRDA:280,6,1,0
BRDA:280,7,0,0
BRDA:280,7,1,0
BRDA:284,8,0,0
BRDA:284,8,1,0
BRDA:284,9,0,0
BRDA:284,9,1,0
BRDA:295,10,0,0
BRDA:295,10,1,0
BRDA:295,11,0,0
BRDA:295,11,1,0
BRDA:295,11,2,0
BRDA:364,12,0,0
BRDA:364,12,1,0
BRDA:388,13,0,0
BRDA:388,13,1,0
BRDA:479,14,0,0
BRDA:479,14,1,0
BRDA:479,14,2,0
BRDA:489,15,0,0
BRDA:489,15,1,0
BRDA:508,16,0,0
BRDA:508,16,1,0
BRDA:518,17,0,0
BRDA:518,17,1,0
BRDA:535,18,0,0
BRDA:535,18,1,0
BRDA:536,19,0,0
BRDA:536,19,1,0
BRDA:539,20,0,0
BRDA:539,20,1,0
BRDA:542,21,0,0
BRDA:542,21,1,0
BRDA:549,22,0,0
BRDA:549,22,1,0
BRDA:555,23,0,0
BRDA:555,23,1,0
BRF:52
BRH:0
end_of_record
TN:
SF:resources/js/components/admin/GenerateKey/Header.jsx
FN:4,Header
FNF:1
FNH:0
FNDA:0,Header
DA:5,0
LF:1
LH:0
BRF:0
BRH:0
end_of_record
TN:
SF:resources/js/components/admin/GenerateKey/Modal.jsx
FN:3,UpdateModal
FN:27,(anonymous_1)
FN:76,(anonymous_2)
FN:80,(anonymous_3)
FN:107,(anonymous_4)
FN:115,(anonymous_5)
FN:120,(anonymous_6)
FN:147,(anonymous_7)
FN:155,(anonymous_8)
FN:160,(anonymous_9)
FN:192,(anonymous_10)
FN:200,(anonymous_11)
FN:205,(anonymous_12)
FN:221,(anonymous_13)
FN:224,(anonymous_14)
FN:257,(anonymous_15)
FN:261,(anonymous_16)
FN:275,(anonymous_17)
FN:278,(anonymous_18)
FNF:19
FNH:0
FNDA:0,UpdateModal
FNDA:0,(anonymous_1)
FNDA:0,(anonymous_2)
FNDA:0,(anonymous_3)
FNDA:0,(anonymous_4)
FNDA:0,(anonymous_5)
FNDA:0,(anonymous_6)
FNDA:0,(anonymous_7)
FNDA:0,(anonymous_8)
FNDA:0,(anonymous_9)
FNDA:0,(anonymous_10)
FNDA:0,(anonymous_11)
FNDA:0,(anonymous_12)
FNDA:0,(anonymous_13)
FNDA:0,(anonymous_14)
FNDA:0,(anonymous_15)
FNDA:0,(anonymous_16)
FNDA:0,(anonymous_17)
FNDA:0,(anonymous_18)
DA:13,0
DA:15,0
DA:27,0
DA:77,0
DA:78,0
DA:81,0
DA:82,0
DA:107,0
DA:116,0
DA:117,0
DA:118,0
DA:121,0
DA:122,0
DA:123,0
DA:147,0
DA:156,0
DA:157,0
DA:158,0
DA:161,0
DA:162,0
DA:163,0
DA:192,0
DA:201,0
DA:202,0
DA:203,0
DA:206,0
DA:207,0
DA:208,0
DA:222,0
DA:225,0
DA:258,0
DA:259,0
DA:262,0
DA:263,0
DA:276,0
DA:279,0
LF:36
LH:0
BRDA:13,0,0,0
BRDA:13,0,1,0
BRDA:128,1,0,0
BRDA:128,1,1,0
BRDA:171,2,0,0
BRDA:171,2,1,0
BRDA:239,3,0,0
BRDA:239,3,1,0
BRF:8
BRH:0
end_of_record
TN:
SF:resources/js/contexts/ThemeContext.jsx
FN:5,(anonymous_0)
FN:13,(anonymous_1)
FN:14,(anonymous_2)
FN:527,(anonymous_3)
FN:536,(anonymous_4)
FNF:5
FNH:0
FNDA:0,(anonymous_0)
FNDA:0,(anonymous_1)
FNDA:0,(anonymous_2)
FNDA:0,(anonymous_3)
FNDA:0,(anonymous_4)
DA:3,0
DA:5,0
DA:6,0
DA:7,0
DA:8,0
DA:10,0
DA:13,0
DA:14,0
DA:16,0
DA:17,0
DA:19,0
DA:22,0
DA:527,0
DA:528,0
DA:529,0
DA:530,0
DA:534,0
DA:536,0
DA:538,0
DA:539,0
DA:543,0
LF:21
LH:0
BRDA:7,0,0,0
BRDA:7,0,1,0
BRDA:16,1,0,0
BRDA:16,1,1,0
BRDA:17,2,0,0
BRDA:17,2,1,0
BRDA:529,3,0,0
BRDA:529,3,1,0
BRDA:534,4,0,0
BRDA:534,4,1,0
BRDA:538,5,0,0
BRDA:538,5,1,0
BRF:12
BRH:0
end_of_record
TN:
SF:resources/js/layout/LayoutAdmin.jsx
FN:7,(anonymous_0)
FNF:1
FNH:0
FNDA:0,(anonymous_0)
DA:7,0
DA:8,0
DA:11,0
DA:20,0
LF:4
LH:0
BRDA:11,0,0,0
BRDA:11,0,1,0
BRF:2
BRH:0
end_of_record
TN:
SF:resources/js/lib/utils.js
FN:4,cn
FNF:1
FNH:0
FNDA:0,cn
DA:5,0
LF:1
LH:0
BRF:0
BRH:0
end_of_record
